#
# A fatal error has been detected by the Java Runtime Environment:
#
#  EXCEPTION_ACCESS_VIOLATION (0xc0000005) at pc=0x00007fff8cbabe01, pid=1472, tid=2688
#
# JRE version: Java(TM) SE Runtime Environment (23.0.1+11) (build 23.0.1+11-39)
# Java VM: Java HotSpot(TM) 64-Bit Server VM (23.0.1+11-39, mixed mode, sharing, tiered, compressed oops, compressed class ptrs, g1 gc, windows-amd64)
# Problematic frame:
# C  [awt.dll+0xdbe01]
#
# No core dump will be written. Minidumps are not enabled by default on client versions of Windows
#
# If you would like to submit a bug report, please visit:
#   https://bugreport.java.com/bugreport/crash.jsp
# The crash happened outside the Java Virtual Machine in native code.
# See problematic frame for where to report the bug.
#

---------------  S U M M A R Y ------------

Command Line: -Dfile.encoding=UTF-8 Formularios.Inicio

Host: Intel(R) Core(TM) i5-4430 CPU @ 3.00GHz, 4 cores, 11G,  Windows 10 , 64 bit Build 19041 (10.0.19041.5438)
Time: Tue Mar 25 06:32:12 2025 Hora estándar, América Central elapsed time: 33960.897991 seconds (0d 9h 26m 0s)

---------------  T H R E A D  ---------------

Current thread (0x00000217c1310450):  JavaThread "AWT-Windows" daemon [_thread_in_native, id=2688, stack(0x0000005f59900000,0x0000005f59a00000) (1024K)]

Stack: [0x0000005f59900000,0x0000005f59a00000],  sp=0x0000005f599fed70,  free space=1019k
Native frames: (J=compiled Java code, j=interpreted, Vv=VM code, C=native code)
C  [awt.dll+0xdbe01]  (no source info available)
C  [awt.dll+0x9783c]  (no source info available)
C  [awt.dll+0x978e6]  (no source info available)
C  [awt.dll+0x94cb6]  (no source info available)
C  [awt.dll+0xe0f8c]  (no source info available)
C  [awt.dll+0xb0d3d]  (no source info available)
C  [awt.dll+0x97e1d]  (no source info available)
C  [USER32.dll+0xef5c]  (no source info available)
C  [USER32.dll+0xe9de]  (no source info available)
C  [awt.dll+0x161c3]  (no source info available)
C  [COMCTL32.dll+0x89aaa]  (no source info available)
C  [COMCTL32.dll+0x898a7]  (no source info available)
C  [USER32.dll+0xef5c]  (no source info available)
C  [USER32.dll+0xe684]  (no source info available)
C  [awt.dll+0xd530e]  (no source info available)
C  [awt.dll+0xd7242]  (no source info available)
C  0x00000217d4b4d207  (no source info available)

The last pc belongs to native method entry point (kind = native) (printed below).
Java frames: (J=compiled Java code, j=interpreted, Vv=VM code)
j  sun.awt.windows.WToolkit.eventLoop()V+0 java.desktop@23.0.1
j  sun.awt.windows.WToolkit.run()V+50 java.desktop@23.0.1
j  java.lang.Thread.runWith(Ljava/lang/Object;Ljava/lang/Runnable;)V+5 java.base@23.0.1
j  java.lang.Thread.run()V+19 java.base@23.0.1
v  ~StubRoutines::call_stub 0x00000217d4b40fcd

siginfo: EXCEPTION_ACCESS_VIOLATION (0xc0000005), reading address 0xffffffffffffffff


Registers:
RAX=0x00650054472d7365, RBX=0x00000217e7233bd0, RCX=0x0000000000000000, RDX=0x0000000000000000
RSP=0x0000005f599fed70, RBP=0x0000005f599fee79, RSI=0xffffffffc4011f2f, RDI=0x0000000000000000
R8 =0x0000000000000001, R9 =0x0000005f599fee79, R10=0x0000000000000000, R11=0x0000000000000246
R12=0x0000000000000000, R13=0x0000000000000310, R14=0x0000000000000000, R15=0x0000000000000000
RIP=0x00007fff8cbabe01, EFLAGS=0x0000000000010246


Register to memory mapping:

RAX=0x00650054472d7365 is an unknown value
RBX=0x00000217e7233bd0 points into unknown readable memory: 0x00000217e2bdb490 | 90 b4 bd e2 17 02 00 00
RCX=0x0 is null
RDX=0x0 is null
RSP=0x0000005f599fed70 is pointing into the stack for thread: 0x00000217c1310450
RBP=0x0000005f599fee79 is pointing into the stack for thread: 0x00000217c1310450
RSI=0xffffffffc4011f2f is an unknown value
RDI=0x0 is null
R8 =0x0000000000000001 is an unknown value
R9 =0x0000005f599fee79 is pointing into the stack for thread: 0x00000217c1310450
R10=0x0 is null
R11=0x0000000000000246 is an unknown value
R12=0x0 is null
R13=0x0000000000000310 is an unknown value
R14=0x0 is null
R15=0x0 is null

Top of Stack: (sp=0x0000005f599fed70)
0x0000005f599fed70:   00007fff8cc09838 ffffffffc4011f2f
0x0000005f599fed80:   0000000000000000 0000000000000000
0x0000005f599fed90:   0000000000000000 00007fff8cb6783c
0x0000005f599feda0:   ffffffffc4011f2f 00000217e2cf6c00
0x0000005f599fedb0:   00000217e7233bd0 00007fffcc43e9de
0x0000005f599fedc0:   0000000000000000 00007fff8cb678e6
0x0000005f599fedd0:   00000217e2cf6c00 00007fff8cad0000
0x0000005f599fede0:   0000000000000000 0000000000000000
0x0000005f599fedf0:   0000000000000000 00007fff8cb64cb6
0x0000005f599fee00:   00000217e2cf6c00 0000000000000000
0x0000005f599fee10:   0000000000000000 0000005f599ff160
0x0000005f599fee20:   000000000000c2f2 00007fff6073b48e
0x0000005f599fee30:   0000000000000000 00000217d4b4bdc0
0x0000005f599fee40:   0000000000000000 00007fffacc49aaa
0x0000005f599fee50:   0000000000000000 00007fffccfc9877
0x0000005f599fee60:   0000005f599fef20 00000217c1310810
0x0000005f599fee70:   00000217e2cf6ca0 0000000000000000
0x0000005f599fee80:   00000217c1310450 0000b9d225b427db
0x0000005f599fee90:   0000000000000001 0000000000000000
0x0000005f599feea0:   0000000000000000 0000000000000000
0x0000005f599feeb0:   0000000000000000 0000000000000310
0x0000005f599feec0:   0000000000000000 00000217e2cf6c00
0x0000005f599feed0:   00000217e2cf6c00 00007fff8cbb0f8c
0x0000005f599feee0:   0000000000000001 0000000000000000
0x0000005f599feef0:   0000000000000000 00000217e24fd70a
0x0000005f599fef00:   0000005f0000c2f2 00007fff607b4bf1
0x0000005f599fef10:   0000000000000000 0000000000130fa6
0x0000005f599fef20:   00000217c3261820 00007fffcc440317
0x0000005f599fef30:   0000000000000000 00007fffccfc9993
0x0000005f599fef40:   0000005f58128800 00000000ffffffeb
0x0000005f599fef50:   0000000000000000 0000b9d225b4273b
0x0000005f599fef60:   0000005f599ff160 0000000000000000 

Instructions: (pc=0x00007fff8cbabe01)
0x00007fff8cbabd01:   83 ec 28 66 0f 6e c2 0f 5b c0 f3 0f 59 41 48 0f
0x00007fff8cbabd11:   5a c8 f2 0f 10 05 bd 4e 03 00 f2 0f 5c 0d e5 4e
0x00007fff8cbabd21:   01 00 66 0f 2f c1 76 0a b8 00 00 00 80 48 83 c4
0x00007fff8cbabd31:   28 c3 66 0f 2f 0d 65 98 02 00 76 0a b8 ff ff ff
0x00007fff8cbabd41:   7f 48 83 c4 28 c3 0f 28 c1 e8 af 0e 01 00 f2 0f
0x00007fff8cbabd51:   2c c0 48 83 c4 28 c3 cc cc cc cc cc cc cc cc 48
0x00007fff8cbabd61:   83 ec 28 66 0f 6e c2 0f 5b c0 f3 0f 59 41 4c 0f
0x00007fff8cbabd71:   5a c8 f2 0f 10 05 5d 4e 03 00 f2 0f 5c 0d 85 4e
0x00007fff8cbabd81:   01 00 66 0f 2f c1 76 0a b8 00 00 00 80 48 83 c4
0x00007fff8cbabd91:   28 c3 66 0f 2f 0d 05 98 02 00 76 0a b8 ff ff ff
0x00007fff8cbabda1:   7f 48 83 c4 28 c3 0f 28 c1 e8 4f 0e 01 00 f2 0f
0x00007fff8cbabdb1:   2c c0 48 83 c4 28 c3 cc cc cc cc cc cc cc cc 48
0x00007fff8cbabdc1:   8b 49 08 48 85 c9 0f 85 b3 7c fe ff 33 c0 c3 48
0x00007fff8cbabdd1:   89 5c 24 08 48 89 74 24 10 57 48 83 ec 20 8b fa
0x00007fff8cbabde1:   48 8b f1 e8 b7 be f4 ff 48 8b d8 48 89 44 24 40
0x00007fff8cbabdf1:   41 b8 01 00 00 00 8b d7 48 8b c8 e8 1f be f4 ff
0x00007fff8cbabe01:   48 8b 48 08 48 85 c9 74 0d 48 8b d6 e8 6e 7c fe
0x00007fff8cbabe11:   ff 48 8b f8 eb 02 33 ff 48 8b cb e8 3f c0 f4 ff
0x00007fff8cbabe21:   90 48 8b c7 48 8b 5c 24 30 48 8b 74 24 38 48 83
0x00007fff8cbabe31:   c4 20 5f c3 cc cc cc cc cc cc cc cc cc cc cc 48
0x00007fff8cbabe41:   8b 01 89 10 c3 cc cc cc cc cc cc cc cc cc cc 40
0x00007fff8cbabe51:   57 48 83 ec 40 48 83 79 38 00 48 8b f9 0f 84 96
0x00007fff8cbabe61:   01 00 00 48 8b 0d b5 9f 06 00 ba 02 00 01 00 48
0x00007fff8cbabe71:   89 5c 24 58 48 89 74 24 68 e8 40 d8 00 00 4c 8b
0x00007fff8cbabe81:   05 12 a5 06 00 48 8b c8 48 8b 57 38 48 8b d8 4c
0x00007fff8cbabe91:   8b 08 41 ff 91 f8 02 00 00 48 8b f0 48 85 c0 0f
0x00007fff8cbabea1:   84 4a 01 00 00 4c 8b 0b 48 8b d0 4c 8b 05 d5 a4
0x00007fff8cbabeb1:   06 00 48 8b cb 41 ff 91 00 01 00 00 84 c0 0f 84
0x00007fff8cbabec1:   2b 01 00 00 48 8b 7f 08 48 8b d6 48 8b 03 48 8b
0x00007fff8cbabed1:   cb 4c 8b 05 c7 a4 06 00 48 81 c7 00 04 00 00 48
0x00007fff8cbabee1:   89 6c 24 60 4c 89 64 24 38 ff 90 f8 02 00 00 4c
0x00007fff8cbabef1:   8b 0b 48 8b d6 4c 8b 05 ab a4 06 00 48 8b cb 4c 


Stack slot to memory mapping:

stack at sp + 0 slots: 0x00007fff8cc09838 awt.dll
stack at sp + 1 slots: 0xffffffffc4011f2f is an unknown value
stack at sp + 2 slots: 0x0 is null
stack at sp + 3 slots: 0x0 is null
stack at sp + 4 slots: 0x0 is null
stack at sp + 5 slots: 0x00007fff8cb6783c awt.dll
stack at sp + 6 slots: 0xffffffffc4011f2f is an unknown value
stack at sp + 7 slots: 0x00000217e2cf6c00 points into unknown readable memory: 0x00007fff8cbdc860 | 60 c8 bd 8c ff 7f 00 00

Lock stack of current Java thread (top to bottom):

native method entry point (kind = native)  [0x00000217d4b4cde0, 0x00000217d4b4d938]  2904 bytes
[MachCode]
  0x00000217d4b4cde0: 488b 4b08 | 0fb7 492e | 584c 8d74 | ccf8 6800 | 0000 0068 | 0000 0000 | 5055 488b | ec41 5568 
  0x00000217d4b4ce00: 0000 0000 | 4c8b 6b08 | 4d8d 6d38 | 5348 8b53 | 0848 8b52 | 0848 8b52 | 1848 8b52 | 7048 8b12 
  0x00000217d4b4ce20: 5248 8b53 | 1048 85d2 | 0f84 0700 | 0000 4881 | c210 0100 | 0052 488b | 5308 488b | 5208 488b 
  0x00000217d4b4ce40: 5210 5249 | 8bc6 482b | c548 c1e8 | 0350 6800 | 0000 0068 | f7ff ffff | 41c6 8771 | 0400 0001 
  0x00000217d4b4ce60: 488b 4310 | 4885 c074 | 208b 88cc | 0000 0083 | c102 8988 | cc00 0000 | 2388 e000 | 0000 0f84 
  0x00000217d4b4ce80: 000a 0000 | e9cf 0000 | 0048 8b43 | 1848 85c0 | 0f85 b000 | 0000 e805 | 0000 00e9 | 9900 0000 
  0x00000217d4b4cea0: 488b d348 | 8d44 2408 | 4c89 6dc0 | 498b cfc5 | f877 4989 | afb0 0300 | 0049 8987 | a003 0000 
  0x00000217d4b4cec0: 4883 ec20 | 40f6 c40f | 0f84 1900 | 0000 4883 | ec08 48b8 | 9026 7360 | ff7f 0000 | ffd0 4883 
  0x00000217d4b4cee0: c408 e90c | 0000 0048 | b890 2673 | 60ff 7f00 | 00ff d048 | 83c4 2049 | c787 a003 | 0000 0000 
  0x00000217d4b4cf00: 0000 49c7 | 87b0 0300 | 0000 0000 | 0049 c787 | a803 0000 | 0000 0000 | c5f8 7749 | 837f 0800 
  0x00000217d4b4cf20: 0f84 0500 | 0000 e995 | 3fff ff4c | 8b6d c04c | 8b75 c84e | 8d74 f500 | c348 8b43 | 1848 85c0 
  0x00000217d4b4cf40: 0f84 1200 | 0000 8b48 | 0883 c102 | 8948 0823 | 481c 0f84 | 2c09 0000 | 493b a7e8 | 0400 000f 
  0x00000217d4b4cf60: 8748 0000 | 0089 8424 | 00f0 ffff | 8984 2400 | e0ff ff89 | 8424 00d0 | ffff 8984 | 2400 c0ff 
  0x00000217d4b4cf80: ff89 8424 | 00b0 ffff | 8984 2400 | a0ff ff89 | 8424 0090 | ffff 8984 | 2400 80ff | ff49 3ba7 
  0x00000217d4b4cfa0: e004 0000 | 7607 4989 | a7e8 0400 | 0041 c687 | 7104 0000 | 0049 ba41 | adfa 60ff | 7f00 0041 
  0x00000217d4b4cfc0: 803a 000f | 843e 0000 | 0048 8b55 | e849 8bcf | 4883 ec20 | 40f6 c40f | 0f84 1900 | 0000 4883 
  0x00000217d4b4cfe0: ec08 48b8 | 10ee aa60 | ff7f 0000 | ffd0 4883 | c408 e90c | 0000 0048 | b810 eeaa | 60ff 7f00 
  0x00000217d4b4d000: 00ff d048 | 83c4 2048 | 8b5d e84c | 8b5b 0845 | 0fb7 5b2e | 41c1 e303 | 492b e348 | 83ec 2048 
  0x00000217d4b4d020: 83e4 f04c | 8b5b 604d | 85db 0f85 | ab00 0000 | e805 0000 | 00e9 9900 | 0000 488b | d348 8d44 
  0x00000217d4b4d040: 2408 4c89 | 6dc0 498b | cfc5 f877 | 4989 afb0 | 0300 0049 | 8987 a003 | 0000 4883 | ec20 40f6 
  0x00000217d4b4d060: c40f 0f84 | 1900 0000 | 4883 ec08 | 48b8 f04d | 7360 ff7f | 0000 ffd0 | 4883 c408 | e90c 0000 
  0x00000217d4b4d080: 0048 b8f0 | 4d73 60ff | 7f00 00ff | d048 83c4 | 2049 c787 | a003 0000 | 0000 0000 | 49c7 87b0 
  0x00000217d4b4d0a0: 0300 0000 | 0000 0049 | c787 a803 | 0000 0000 | 0000 c5f8 | 7749 837f | 0800 0f84 | 0500 0000 
  0x00000217d4b4d0c0: e9fb 3dff | ff4c 8b6d | c04c 8b75 | c84e 8d74 | f500 c348 | 8b5d e84c | 8b5b 6041 | ffd3 488b 
  0x00000217d4b4d0e0: 5de8 4889 | 4518 448b | 5b28 41f6 | c308 0f84 | 1b00 0000 | 4c8b 5b08 | 4d8b 5b08 | 4d8b 5b18 
  0x00000217d4b4d100: 4d8b 5b70 | 4d8b 1b4c | 895d 1048 | 8d55 1048 | 8b43 5849 | ba60 3cab | 60ff 7f00 | 0049 3bc2 
  0x00000217d4b4d120: 0f85 ab00 | 0000 e805 | 0000 00e9 | 9900 0000 | 488b d348 | 8d44 2408 | 4c89 6dc0 | 498b cfc5 
  0x00000217d4b4d140: f877 4989 | afb0 0300 | 0049 8987 | a003 0000 | 4883 ec20 | 40f6 c40f | 0f84 1900 | 0000 4883 
  0x00000217d4b4d160: ec08 48b8 | f04d 7360 | ff7f 0000 | ffd0 4883 | c408 e90c | 0000 0048 | b8f0 4d73 | 60ff 7f00 
  0x00000217d4b4d180: 00ff d048 | 83c4 2049 | c787 a003 | 0000 0000 | 0000 49c7 | 87b0 0300 | 0000 0000 | 0049 c787 
  0x00000217d4b4d1a0: a803 0000 | 0000 0000 | c5f8 7749 | 837f 0800 | 0f84 0500 | 0000 e905 | 3dff ff4c | 8b6d c04c 
  0x00000217d4b4d1c0: 8b75 c84e | 8d74 f500 | c348 8b5d | e848 8b43 | 5849 8d8f | c003 0000 | c5f8 7749 | 89af b003 
  0x00000217d4b4d1e0: 0000 49ba | d8d1 b4d4 | 1702 0000 | 4d89 97a8 | 0300 0049 | 89a7 a003 | 0000 41c7 | 8744 0400 
  0x00000217d4b4d200: 0004 0000 | 00ff d0c5 | f877 4883 | ec10 c5fb | 1104 2448 | 83ec 1048 | 8904 2448 | c744 2408 
  0x00000217d4b4d220: 0000 0000 | 41c7 8744 | 0400 0005 | 0000 00f0 | 8344 24c0 | 0049 3baf | 4804 0000 | 0f87 0e00 
  0x00000217d4b4d240: 0000 4183 | bf40 0400 | 0000 0f84 | 2000 0000 | 498b cf4c | 8be4 4883 | ec20 4883 | e4f0 48b8 
  0x00000217d4b4d260: 90a9 7460 | ff7f 0000 | ffd0 498b | e44d 33e4 | 41c7 8744 | 0400 0008 | 0000 0049 | c787 a003 
  0x00000217d4b4d280: 0000 0000 | 0000 49c7 | 87b0 0300 | 0000 0000 | 0049 c787 | a803 0000 | 0000 0000 | c5f8 774d 
  0x00000217d4b4d2a0: 8b9f 3004 | 0000 41c7 | 8300 0100 | 0000 0000 | 0049 bbda | a5b4 d417 | 0200 004c | 3b5d 180f 
  0x00000217d4b4d2c0: 8524 0200 | 0048 8b04 | 2448 83c4 | 1048 85c0 | 0f84 fe01 | 0000 a803 | 0f85 0800 | 0000 488b 
  0x00000217d4b4d2e0: 00e9 ee01 | 0000 a801 | 0f85 0900 | 0000 488b | 40fe e9dd | 0100 0048 | 8b40 ff41 | 807f 3800 
  0x00000217d4b4d300: 0f84 ce01 | 0000 4883 | f800 0f84 | c401 0000 | 4d8b 5f28 | 4983 fb00 | 0f84 1400 | 0000 4983 
  0x00000217d4b4d320: eb08 4d89 | 5f28 4d03 | 5f30 4989 | 03e9 a201 | 0000 4881 | ecd0 0000 | 0048 8904 | 2448 894c 
  0x00000217d4b4d340: 2408 4889 | 5424 1048 | 8974 2418 | 4889 7c24 | 204c 8944 | 2428 4c89 | 4c24 304c | 8954 2438 
  0x00000217d4b4d360: 4c89 5c24 | 40c5 fb11 | 4424 50c5 | fb11 4c24 | 58c5 fb11 | 5424 60c5 | fb11 5c24 | 68c5 fb11 
  0x00000217d4b4d380: 6424 70c5 | fb11 6c24 | 78c5 fb11 | b424 8000 | 0000 c5fb | 11bc 2488 | 0000 00c5 | 7b11 8424 
  0x00000217d4b4d3a0: 9000 0000 | c57b 118c | 2498 0000 | 00c5 7b11 | 9424 a000 | 0000 c57b | 119c 24a8 | 0000 00c5 
  0x00000217d4b4d3c0: 7b11 a424 | b000 0000 | c57b 11ac | 24b8 0000 | 00c5 7b11 | b424 c000 | 0000 c57b | 11bc 24c8 
  0x00000217d4b4d3e0: 0000 0049 | 8bd7 488b | c848 83ec | 2040 f6c4 | 0f0f 8419 | 0000 0048 | 83ec 0848 | b8e0 0768 
  0x00000217d4b4d400: 60ff 7f00 | 00ff d048 | 83c4 08e9 | 0c00 0000 | 48b8 e007 | 6860 ff7f | 0000 ffd0 | 4883 c420 
  0x00000217d4b4d420: c57b 10bc | 24c8 0000 | 00c5 7b10 | b424 c000 | 0000 c57b | 10ac 24b8 | 0000 00c5 | 7b10 a424 
  0x00000217d4b4d440: b000 0000 | c57b 109c | 24a8 0000 | 00c5 7b10 | 9424 a000 | 0000 c57b | 108c 2498 | 0000 00c5 
  0x00000217d4b4d460: 7b10 8424 | 9000 0000 | c5fb 10bc | 2488 0000 | 00c5 fb10 | b424 8000 | 0000 c5fb | 106c 2478 
  0x00000217d4b4d480: c5fb 1064 | 2470 c5fb | 105c 2468 | c5fb 1054 | 2460 c5fb | 104c 2458 | c5fb 1044 | 2450 4c8b 
  0x00000217d4b4d4a0: 5c24 404c | 8b54 2438 | 4c8b 4c24 | 304c 8b44 | 2428 488b | 7c24 2048 | 8b74 2418 | 488b 5424 
  0x00000217d4b4d4c0: 1048 8b4c | 2408 488b | 0424 4881 | c4d0 0000 | 00c5 f877 | 4889 4510 | 4883 ec10 | 4889 0424 
  0x00000217d4b4d4e0: 48c7 4424 | 0800 0000 | 0041 83bf | c804 0000 | 020f 85bf | 0000 0048 | 81ec 8000 | 0000 4889 
  0x00000217d4b4d500: 4424 7848 | 894c 2470 | 4889 5424 | 6848 895c | 2460 4889 | 6c24 5048 | 8974 2448 | 4889 7c24 
  0x00000217d4b4d520: 404c 8944 | 2438 4c89 | 4c24 304c | 8954 2428 | 4c89 5c24 | 204c 8964 | 2418 4c89 | 6c24 104c 
  0x00000217d4b4d540: 8974 2408 | 4c89 3c24 | 4c8b e448 | 83ec 2048 | 83e4 f048 | b8c0 22ab | 60ff 7f00 | 00ff d049 
  0x00000217d4b4d560: 8be4 4c8b | 3c24 4c8b | 7424 084c | 8b6c 2410 | 4c8b 6424 | 184c 8b5c | 2420 4c8b | 5424 284c 
  0x00000217d4b4d580: 8b4c 2430 | 4c8b 4424 | 3848 8b7c | 2440 488b | 7424 4848 | 8b6c 2450 | 488b 5c24 | 6048 8b54 
  0x00000217d4b4d5a0: 2468 488b | 4c24 7048 | 8b44 2478 | 4881 c480 | 0000 004d | 33e4 488b | 5de8 4c8b | 6b08 4d8d 
  0x00000217d4b4d5c0: 6d38 4983 | 7f08 000f | 84bb 0000 | 00e8 0500 | 0000 e996 | 0000 0048 | 8d44 2408 | 4c89 6dc0 
  0x00000217d4b4d5e0: 498b cfc5 | f877 4989 | afb0 0300 | 0049 8987 | a003 0000 | 4883 ec20 | 40f6 c40f | 0f84 1900 
  0x00000217d4b4d600: 0000 4883 | ec08 48b8 | 006c 7360 | ff7f 0000 | ffd0 4883 | c408 e90c | 0000 0048 | b800 6c73 
  0x00000217d4b4d620: 60ff 7f00 | 00ff d048 | 83c4 2049 | c787 a003 | 0000 0000 | 0000 49c7 | 87b0 0300 | 0000 0000 
  0x00000217d4b4d640: 0049 c787 | a803 0000 | 0000 0000 | c5f8 7749 | 837f 0800 | 0f84 0500 | 0000 e961 | 38ff ff4c 
  0x00000217d4b4d660: 8b6d c04c | 8b75 c84e | 8d74 f500 | c348 b940 | d5d2 60ff | 7f00 0048 | 83e4 f048 | b870 4a99 
  0x00000217d4b4d680: 60ff 7f00 | 00ff d0f4 | 448b 5b28 | 41f6 c320 | 0f84 7901 | 0000 488d | 55a8 4c8b | 5a08 4d85 
  0x00000217d4b4d6a0: db0f 85bb | 0000 00e8 | 0500 0000 | e996 0000 | 0048 8d44 | 2408 4c89 | 6dc0 498b | cfc5 f877 
  0x00000217d4b4d6c0: 4989 afb0 | 0300 0049 | 8987 a003 | 0000 4883 | ec20 40f6 | c40f 0f84 | 1900 0000 | 4883 ec08 
  0x00000217d4b4d6e0: 48b8 306b | 7360 ff7f | 0000 ffd0 | 4883 c408 | e90c 0000 | 0048 b830 | 6b73 60ff | 7f00 00ff 
  0x00000217d4b4d700: d048 83c4 | 2049 c787 | a003 0000 | 0000 0000 | 49c7 87b0 | 0300 0000 | 0000 0049 | c787 a803 
  0x00000217d4b4d720: 0000 0000 | 0000 c5f8 | 7749 837f | 0800 0f84 | 0500 0000 | e987 37ff | ff4c 8b6d | c04c 8b75 
  0x00000217d4b4d740: c84e 8d74 | f500 c348 | b940 d5d2 | 60ff 7f00 | 0048 83e4 | f048 b870 | 4a99 60ff | 7f00 00ff 
  0x00000217d4b4d760: d0f4 4c89 | 6dc0 4c8b | 4a08 48c7 | 4208 0000 | 0000 458b | 8718 0600 | 004f 3b4c | 07f8 0f85 
  0x00000217d4b4d780: 4900 0000 | 4183 af18 | 0600 0008 | 4f3b 4c07 | f00f 842a | 0000 0049 | 8b01 a802 | 0f85 1200 
  0x00000217d4b4d7a0: 0000 4c8b | c049 83c8 | 01f0 4d0f | b101 0f84 | 0d00 0000 | 4183 8718 | 0600 0008 | e90c 0000 
  0x00000217d4b4d7c0: 0049 ff8f | 5005 0000 | e93e 0000 | 004c 894a | 0848 8bca | 4883 ec20 | 40f6 c40f | 0f84 1900 
  0x00000217d4b4d7e0: 0000 4883 | ec08 48b8 | f03d 7360 | ff7f 0000 | ffd0 4883 | c408 e90c | 0000 0048 | b8f0 3d73 
  0x00000217d4b4d800: 60ff 7f00 | 00ff d048 | 83c4 204c | 8b6d c049 | ba41 adfa | 60ff 7f00 | 0041 803a | 000f 843e 
  0x00000217d4b4d820: 0000 0048 | 8b55 e849 | 8bcf 4883 | ec20 40f6 | c40f 0f84 | 1900 0000 | 4883 ec08 | 48b8 10ee 
  0x00000217d4b4d840: aa60 ff7f | 0000 ffd0 | 4883 c408 | e90c 0000 | 0048 b810 | eeaa 60ff | 7f00 00ff | d048 83c4 
  0x00000217d4b4d860: 2048 8b04 | 2448 83c4 | 10c5 fb10 | 0424 4883 | c410 4c8b | 5d18 41ff | d34c 8b5d | f8c9 5f49 
  0x00000217d4b4d880: 8be3 ffe7 | ba00 0000 | 00e8 0500 | 0000 e996 | 0000 0048 | 8d44 2408 | 4c89 6dc0 | 498b cfc5 
  0x00000217d4b4d8a0: f877 4989 | afb0 0300 | 0049 8987 | a003 0000 | 4883 ec20 | 40f6 c40f | 0f84 1900 | 0000 4883 
  0x00000217d4b4d8c0: ec08 48b8 | a031 7360 | ff7f 0000 | ffd0 4883 | c408 e90c | 0000 0048 | b8a0 3173 | 60ff 7f00 
  0x00000217d4b4d8e0: 00ff d048 | 83c4 2049 | c787 a003 | 0000 0000 | 0000 49c7 | 87b0 0300 | 0000 0000 | 0049 c787 
  0x00000217d4b4d900: a803 0000 | 0000 0000 | c5f8 7749 | 837f 0800 | 0f84 0500 | 0000 e9a5 | 35ff ff4c | 8b6d c04c 
  0x00000217d4b4d920: 8b75 c84e | 8d74 f500 | c348 8b5d | e8e9 26f6 | ffff 660f | 1f44 0000 
[/MachCode]

---------------  P R O C E S S  ---------------

Threads class SMR info:
_java_thread_list=0x00000217e70eca90, length=17, elements={
0x00000217e2510d30, 0x00000217e2512b60, 0x00000217e2514930, 0x00000217e25174a0,
0x00000217e2517f00, 0x00000217e2518be0, 0x00000217e251ce70, 0x00000217e252b960,
0x00000217c10cc0e0, 0x00000217c10d0f70, 0x00000217c130ea50, 0x00000217c130f0c0,
0x00000217c1310450, 0x00000217c13921b0, 0x00000217c2bfd970, 0x00000217e2bb7f40,
0x00000217e287cba0
}

Java Threads: ( => current thread )
  0x00000217e2510d30 JavaThread "Reference Handler"          daemon [_thread_blocked, id=1208, stack(0x0000005f58c00000,0x0000005f58d00000) (1024K)]
  0x00000217e2512b60 JavaThread "Finalizer"                  daemon [_thread_blocked, id=6428, stack(0x0000005f58d00000,0x0000005f58e00000) (1024K)]
  0x00000217e2514930 JavaThread "Signal Dispatcher"          daemon [_thread_blocked, id=17368, stack(0x0000005f58e00000,0x0000005f58f00000) (1024K)]
  0x00000217e25174a0 JavaThread "Attach Listener"            daemon [_thread_blocked, id=11560, stack(0x0000005f58f00000,0x0000005f59000000) (1024K)]
  0x00000217e2517f00 JavaThread "Service Thread"             daemon [_thread_blocked, id=7476, stack(0x0000005f59000000,0x0000005f59100000) (1024K)]
  0x00000217e2518be0 JavaThread "Monitor Deflation Thread"   daemon [_thread_blocked, id=12056, stack(0x0000005f59100000,0x0000005f59200000) (1024K)]
  0x00000217e251ce70 JavaThread "C2 CompilerThread0"         daemon [_thread_blocked, id=7736, stack(0x0000005f59200000,0x0000005f59300000) (1024K)]
  0x00000217e252b960 JavaThread "C1 CompilerThread0"         daemon [_thread_blocked, id=16464, stack(0x0000005f59300000,0x0000005f59400000) (1024K)]
  0x00000217c10cc0e0 JavaThread "Notification Thread"        daemon [_thread_blocked, id=9940, stack(0x0000005f59400000,0x0000005f59500000) (1024K)]
  0x00000217c10d0f70 JavaThread "Common-Cleaner"             daemon [_thread_blocked, id=17956, stack(0x0000005f59500000,0x0000005f59600000) (1024K)]
  0x00000217c130ea50 JavaThread "Java2D Disposer"            daemon [_thread_blocked, id=11904, stack(0x0000005f59700000,0x0000005f59800000) (1024K)]
  0x00000217c130f0c0 JavaThread "AWT-Shutdown"                      [_thread_blocked, id=15612, stack(0x0000005f59800000,0x0000005f59900000) (1024K)]
=>0x00000217c1310450 JavaThread "AWT-Windows"                daemon [_thread_in_native, id=2688, stack(0x0000005f59900000,0x0000005f59a00000) (1024K)]
  0x00000217c13921b0 JavaThread "AWT-EventQueue-0"                  [_thread_blocked, id=14084, stack(0x0000005f59a00000,0x0000005f59b00000) (1024K)]
  0x00000217c2bfd970 JavaThread "DestroyJavaVM"                     [_thread_blocked, id=9276, stack(0x0000005f58400000,0x0000005f58500000) (1024K)]
  0x00000217e2bb7f40 JavaThread "TimerQueue"                 daemon [_thread_blocked, id=4612, stack(0x0000005f59f00000,0x0000005f5a000000) (1024K)]
  0x00000217e287cba0 JavaThread "mysql-cj-abandoned-connection-cleanup" daemon [_thread_blocked, id=16936, stack(0x0000005f58200000,0x0000005f58300000) (1024K)]
Total: 17

Other Threads:
  0x00000217e24f5fe0 VMThread "VM Thread"                           [id=17588, stack(0x0000005f58b00000,0x0000005f58c00000) (1024K)]
  0x00000217e24e5a50 WatcherThread "VM Periodic Task Thread"        [id=13408, stack(0x0000005f58a00000,0x0000005f58b00000) (1024K)]
  0x00000217c4f22410 WorkerThread "GC Thread#0"                     [id=18172, stack(0x0000005f58500000,0x0000005f58600000) (1024K)]
  0x00000217e2a4f2b0 WorkerThread "GC Thread#1"                     [id=14756, stack(0x0000005f59600000,0x0000005f59700000) (1024K)]
  0x00000217e2a50170 WorkerThread "GC Thread#2"                     [id=17632, stack(0x0000005f5a000000,0x0000005f5a100000) (1024K)]
  0x00000217e2a4e7a0 WorkerThread "GC Thread#3"                     [id=15596, stack(0x0000005f5a100000,0x0000005f5a200000) (1024K)]
  0x00000217c4f327a0 ConcurrentGCThread "G1 Main Marker"            [id=1604, stack(0x0000005f58600000,0x0000005f58700000) (1024K)]
  0x00000217c4f33a50 WorkerThread "G1 Conc#0"                       [id=13364, stack(0x0000005f58700000,0x0000005f58800000) (1024K)]
  0x00000217e23c10a0 ConcurrentGCThread "G1 Refine#0"               [id=15328, stack(0x0000005f58800000,0x0000005f58900000) (1024K)]
  0x00000217e23c1830 ConcurrentGCThread "G1 Service"                [id=7900, stack(0x0000005f58900000,0x0000005f58a00000) (1024K)]
Total: 10

Threads with active compile tasks:
Total: 0

VM state: not at safepoint (normal execution)

VM Mutex/Monitor currently owned by a thread: None

Heap address: 0x0000000745400000, size: 2988 MB, Compressed Oops mode: Zero based, Oop shift amount: 3

CDS archive(s) mapped at: [0x0000021780000000-0x0000021780d70000-0x0000021780d70000), size 14090240, SharedBaseAddress: 0x0000021780000000, ArchiveRelocationMode: 1.
Compressed class space mapped at: 0x0000021781000000-0x00000217c1000000, reserved size: 1073741824
Narrow klass base: 0x0000021780000000, Narrow klass shift: 0, Narrow klass range: 0x41000000

GC Precious Log:
 CardTable entry size: 512
 Card Set container configuration: InlinePtr #cards 4 size 8 Array Of Cards #cards 16 size 48 Howl #buckets 8 coarsen threshold 3686 Howl Bitmap #cards 512 size 80 coarsen threshold 460 Card regions per heap region 1 cards per card region 4096
 CPUs: 4 total, 4 available
 Memory: 11947M
 Large Page Support: Disabled
 NUMA Support: Disabled
 Compressed Oops: Enabled (Zero based)
 Heap Region Size: 2M
 Heap Min Capacity: 8M
 Heap Initial Capacity: 188M
 Heap Max Capacity: 2988M
 Pre-touch: Disabled
 Parallel Workers: 4
 Concurrent Workers: 1
 Concurrent Refinement Workers: 4
 Periodic GC: Disabled

Heap:
 garbage-first heap   total reserved 3059712K, committed 55296K, used 41865K [0x0000000745400000, 0x0000000800000000)
  region size 2048K, 8 young (16384K), 2 survivors (4096K)
 Metaspace       used 22257K, committed 22528K, reserved 1114112K
  class space    used 2524K, committed 2688K, reserved 1048576K

Heap Regions: E=young(eden), S=young(survivor), O=old, HS=humongous(starts), HC=humongous(continues), CS=collection set, F=free, TAMS=top-at-mark-start, PB=parsable bottom
|   0|0x0000000745400000, 0x0000000745600000, 0x0000000745600000|100%| O|  |TAMS 0x0000000745400000| PB 0x0000000745400000| Untracked |  0
|   1|0x0000000745600000, 0x0000000745800000, 0x0000000745800000|100%| O|  |TAMS 0x0000000745600000| PB 0x0000000745600000| Untracked |  0
|   2|0x0000000745800000, 0x0000000745a00000, 0x0000000745a00000|100%| O|Cm|TAMS 0x0000000745800000| PB 0x0000000745800000| Complete |  0
|   3|0x0000000745a00000, 0x0000000745c00000, 0x0000000745c00000|100%|HS|  |TAMS 0x0000000745a00000| PB 0x0000000745a00000| Complete |  0
|   4|0x0000000745c00000, 0x0000000745e00000, 0x0000000745e00000|100%|HC|  |TAMS 0x0000000745c00000| PB 0x0000000745c00000| Complete |  0
|   5|0x0000000745e00000, 0x0000000746000000, 0x0000000746000000|100%|HS|  |TAMS 0x0000000745e00000| PB 0x0000000745e00000| Complete |  0
|   6|0x0000000746000000, 0x0000000746200000, 0x0000000746200000|100%|HC|  |TAMS 0x0000000746000000| PB 0x0000000746000000| Complete |  0
|   7|0x0000000746200000, 0x00000007462e27a0, 0x0000000746400000| 44%| O|  |TAMS 0x0000000746200000| PB 0x0000000746200000| Untracked |  0
|   8|0x0000000746400000, 0x0000000746600000, 0x0000000746600000|100%|HS|  |TAMS 0x0000000746400000| PB 0x0000000746400000| Complete |  0
|   9|0x0000000746600000, 0x0000000746800000, 0x0000000746800000|100%|HC|  |TAMS 0x0000000746600000| PB 0x0000000746600000| Complete |  0
|  10|0x0000000746800000, 0x0000000746a00000, 0x0000000746a00000|100%|HS|  |TAMS 0x0000000746800000| PB 0x0000000746800000| Complete |  0
|  11|0x0000000746a00000, 0x0000000746c00000, 0x0000000746c00000|100%|HC|  |TAMS 0x0000000746a00000| PB 0x0000000746a00000| Complete |  0
|  12|0x0000000746c00000, 0x0000000746e00000, 0x0000000746e00000|100%|HS|  |TAMS 0x0000000746c00000| PB 0x0000000746c00000| Complete |  0
|  13|0x0000000746e00000, 0x0000000747000000, 0x0000000747000000|100%|HC|  |TAMS 0x0000000746e00000| PB 0x0000000746e00000| Complete |  0
|  14|0x0000000747000000, 0x0000000747000000, 0x0000000747200000|  0%| F|  |TAMS 0x0000000747000000| PB 0x0000000747000000| Untracked |  0
|  15|0x0000000747200000, 0x0000000747200000, 0x0000000747400000|  0%| F|  |TAMS 0x0000000747200000| PB 0x0000000747200000| Untracked |  0
|  16|0x0000000747400000, 0x0000000747400000, 0x0000000747600000|  0%| F|  |TAMS 0x0000000747400000| PB 0x0000000747400000| Untracked |  0
|  17|0x0000000747600000, 0x0000000747600000, 0x0000000747800000|  0%| F|  |TAMS 0x0000000747600000| PB 0x0000000747600000| Untracked |  0
|  18|0x0000000747800000, 0x0000000747800000, 0x0000000747a00000|  0%| F|  |TAMS 0x0000000747800000| PB 0x0000000747800000| Untracked |  0
|  19|0x0000000747a00000, 0x0000000747a183b0, 0x0000000747c00000|  4%| E|  |TAMS 0x0000000747a00000| PB 0x0000000747a00000| Complete |  0
|  20|0x0000000747c00000, 0x0000000747e00000, 0x0000000747e00000|100%| E|CS|TAMS 0x0000000747c00000| PB 0x0000000747c00000| Complete |  0
|  21|0x0000000747e00000, 0x0000000748000000, 0x0000000748000000|100%| E|CS|TAMS 0x0000000747e00000| PB 0x0000000747e00000| Complete |  0
|  22|0x0000000748000000, 0x0000000748200000, 0x0000000748200000|100%| E|CS|TAMS 0x0000000748000000| PB 0x0000000748000000| Complete |  0
|  23|0x0000000748200000, 0x0000000748400000, 0x0000000748400000|100%| E|CS|TAMS 0x0000000748200000| PB 0x0000000748200000| Complete |  0
|  84|0x000000074fc00000, 0x000000074fe00000, 0x000000074fe00000|100%| S|CS|TAMS 0x000000074fc00000| PB 0x000000074fc00000| Complete |  0
|  85|0x000000074fe00000, 0x0000000750000000, 0x0000000750000000|100%| S|CS|TAMS 0x000000074fe00000| PB 0x000000074fe00000| Complete |  0
|  93|0x0000000750e00000, 0x0000000751000000, 0x0000000751000000|100%| E|CS|TAMS 0x0000000750e00000| PB 0x0000000750e00000| Complete |  0

Card table byte_map: [0x00000217dcbf0000,0x00000217dd1d0000] _byte_map_base: 0x00000217d91c6000

Marking Bits: (CMBitMap*) 0x00000217c4f22b20
 Bits: [0x00000217dd1d0000, 0x00000217e0080000)

Polling page: 0x00000217c2d30000

Metaspace:

Usage:
  Non-class:     19.27 MB used.
      Class:      2.47 MB used.
       Both:     21.74 MB used.

Virtual space:
  Non-class space:       64.00 MB reserved,      19.38 MB ( 30%) committed,  1 nodes.
      Class space:        1.00 GB reserved,       2.62 MB ( <1%) committed,  1 nodes.
             Both:        1.06 GB reserved,      22.00 MB (  2%) committed. 

Chunk freelists:
   Non-Class:  12.64 MB
       Class:  13.23 MB
        Both:  25.87 MB

MaxMetaspaceSize: unlimited
CompressedClassSpaceSize: 1.00 GB
Initial GC threshold: 21.00 MB
Current GC threshold: 35.12 MB
CDS: on
 - commit_granule_bytes: 65536.
 - commit_granule_words: 8192.
 - virtual_space_node_default_size: 8388608.
 - enlarge_chunks_in_place: 1.
 - use_allocation_guard: 0.


Internal statistics:

num_allocs_failed_limit: 3.
num_arena_births: 240.
num_arena_deaths: 0.
num_vsnodes_births: 2.
num_vsnodes_deaths: 0.
num_space_committed: 352.
num_space_uncommitted: 0.
num_chunks_returned_to_freelist: 3.
num_chunks_taken_from_freelist: 445.
num_chunk_merges: 0.
num_chunk_splits: 278.
num_chunks_enlarged: 154.
num_inconsistent_stats: 0.

CodeHeap 'non-profiled nmethods': size=120064Kb used=1299Kb max_used=1299Kb free=118764Kb
 bounds [0x00000217d50d0000, 0x00000217d5340000, 0x00000217dc610000]
CodeHeap 'profiled nmethods': size=120000Kb used=5464Kb max_used=5464Kb free=114536Kb
 bounds [0x00000217cd610000, 0x00000217cdb70000, 0x00000217d4b40000]
CodeHeap 'non-nmethods': size=5696Kb used=1792Kb max_used=1835Kb free=3903Kb
 bounds [0x00000217d4b40000, 0x00000217d4db0000, 0x00000217d50d0000]
CodeCache: size=245760Kb, used=8555Kb, max_used=8598Kb, free=237203Kb
 total_blobs=4517, nmethods=3687, adapters=733, full_count=0
Compilation: enabled, stopped_count=0, restarted_count=0

Compilation events (20 events):
Event: 31611.392 Thread 0x00000217e252b960 3678       3       sun.swing.SwingUtilities2::drawStringUnderlineCharAt (15 bytes)
Event: 31611.392 Thread 0x00000217e252b960 nmethod 3678 0x00000217cdb60a88 code [0x00000217cdb60ba0, 0x00000217cdb60cc8]
Event: 31611.392 Thread 0x00000217e252b960 3679   !   3       sun.swing.SwingUtilities2::drawStringUnderlineCharAt (294 bytes)
Event: 31611.395 Thread 0x00000217e252b960 nmethod 3679 0x00000217cdb60d88 code [0x00000217cdb61180, 0x00000217cdb63378]
Event: 31611.405 Thread 0x00000217e251ce70 3680       4       sun.java2d.marlin.Renderer::addLine (538 bytes)
Event: 31611.412 Thread 0x00000217e251ce70 nmethod 3680 0x00000217d5213288 code [0x00000217d5213400, 0x00000217d5213998]
Event: 31611.412 Thread 0x00000217e251ce70 3682       4       java.util.TimSort::binarySort (223 bytes)
Event: 31611.430 Thread 0x00000217e251ce70 nmethod 3682 0x00000217d5213a08 code [0x00000217d5213ba0, 0x00000217d52147a8]
Event: 31611.430 Thread 0x00000217e251ce70 3681   !   4       sun.awt.geom.Curve::compareTo (852 bytes)
Event: 31611.435 Thread 0x00000217e251ce70 nmethod 3681 0x00000217d5214888 code [0x00000217d5214a00, 0x00000217d5214ee0]
Event: 31616.244 Thread 0x00000217e252b960 3683  s    3       sun.awt.windows.WDesktopProperties::setColorProperty (94 bytes)
Event: 31616.245 Thread 0x00000217e252b960 nmethod 3683 0x00000217cdb63488 code [0x00000217cdb63680, 0x00000217cdb64570]
Event: 31641.822 Thread 0x00000217e252b960 3684       3       java.awt.Color::testColorValueRange (121 bytes)
Event: 31641.822 Thread 0x00000217e252b960 nmethod 3684 0x00000217cdb64608 code [0x00000217cdb647a0, 0x00000217cdb64d68]
Event: 31641.825 Thread 0x00000217e252b960 3685       3       java.awt.Font::<init> (56 bytes)
Event: 31641.826 Thread 0x00000217e252b960 nmethod 3685 0x00000217cdb64d88 code [0x00000217cdb64ec0, 0x00000217cdb65140]
Event: 33960.418 Thread 0x00000217e252b960 3686  s    3       sun.awt.windows.WDesktopProperties::setIntegerProperty (57 bytes)
Event: 33960.418 Thread 0x00000217e252b960 nmethod 3686 0x00000217cdb65188 code [0x00000217cdb65340, 0x00000217cdb65c80]
Event: 33960.863 Thread 0x00000217e252b960 3687       3       java.util.HashMap::<init> (8 bytes)
Event: 33960.864 Thread 0x00000217e252b960 nmethod 3687 0x00000217cdb65d08 code [0x00000217cdb65e40, 0x00000217cdb65f80]

GC Heap History (6 events):
Event: 12.735 GC heap before
{Heap before GC invocations=0 (full 0):
 garbage-first heap   total reserved 3059712K, committed 192512K, used 12288K [0x0000000745400000, 0x0000000800000000)
  region size 2048K, 7 young (14336K), 0 survivors (0K)
 Metaspace       used 10292K, committed 10496K, reserved 1114112K
  class space    used 1199K, committed 1344K, reserved 1048576K
}
Event: 12.752 GC heap after
{Heap after GC invocations=1 (full 0):
 garbage-first heap   total reserved 3059712K, committed 192512K, used 6304K [0x0000000745400000, 0x0000000800000000)
  region size 2048K, 1 young (2048K), 1 survivors (2048K)
 Metaspace       used 10292K, committed 10496K, reserved 1114112K
  class space    used 1199K, committed 1344K, reserved 1048576K
}
Event: 63.876 GC heap before
{Heap before GC invocations=1 (full 0):
 garbage-first heap   total reserved 3059712K, committed 192512K, used 22688K [0x0000000745400000, 0x0000000800000000)
  region size 2048K, 6 young (12288K), 1 survivors (2048K)
 Metaspace       used 14702K, committed 14912K, reserved 1114112K
  class space    used 1666K, committed 1792K, reserved 1048576K
}
Event: 63.882 GC heap after
{Heap after GC invocations=2 (full 0):
 garbage-first heap   total reserved 3059712K, committed 192512K, used 16634K [0x0000000745400000, 0x0000000800000000)
  region size 2048K, 1 young (2048K), 1 survivors (2048K)
 Metaspace       used 14702K, committed 14912K, reserved 1114112K
  class space    used 1666K, committed 1792K, reserved 1048576K
}
Event: 69.760 GC heap before
{Heap before GC invocations=2 (full 0):
 garbage-first heap   total reserved 3059712K, committed 192512K, used 26874K [0x0000000745400000, 0x0000000800000000)
  region size 2048K, 8 young (16384K), 1 survivors (2048K)
 Metaspace       used 21269K, committed 21504K, reserved 1114112K
  class space    used 2446K, committed 2560K, reserved 1048576K
}
Event: 69.773 GC heap after
{Heap after GC invocations=3 (full 0):
 garbage-first heap   total reserved 3059712K, committed 192512K, used 15241K [0x0000000745400000, 0x0000000800000000)
  region size 2048K, 2 young (4096K), 2 survivors (4096K)
 Metaspace       used 21269K, committed 21504K, reserved 1114112K
  class space    used 2446K, committed 2560K, reserved 1048576K
}

Dll operation events (11 events):
Event: 0.010 Loaded shared library C:\Program Files\Java\jdk-23\bin\java.dll
Event: 0.043 Loaded shared library C:\Program Files\Java\jdk-23\bin\jsvml.dll
Event: 0.093 Loaded shared library C:\Program Files\Java\jdk-23\bin\net.dll
Event: 0.095 Loaded shared library C:\Program Files\Java\jdk-23\bin\nio.dll
Event: 0.098 Loaded shared library C:\Program Files\Java\jdk-23\bin\zip.dll
Event: 0.146 Loaded shared library C:\Program Files\Java\jdk-23\bin\jimage.dll
Event: 0.164 Loaded shared library C:\Program Files\Java\jdk-23\bin\awt.dll
Event: 0.292 Loaded shared library C:\Program Files\Java\jdk-23\bin\freetype.dll
Event: 0.293 Loaded shared library C:\Program Files\Java\jdk-23\bin\fontmanager.dll
Event: 63.793 Loaded shared library C:\Program Files\Java\jdk-23\bin\extnet.dll
Event: 64.172 Loaded shared library C:\Program Files\Java\jdk-23\bin\sunmscapi.dll

Deoptimization events (20 events):
Event: 78.642 Thread 0x00000217c13921b0 DEOPT PACKING pc=0x00000217d5179c50 sp=0x0000005f59afdef0
Event: 78.642 Thread 0x00000217c13921b0 DEOPT UNPACKING pc=0x00000217d4b94402 sp=0x0000005f59afde70 mode 2
Event: 79.019 Thread 0x00000217c13921b0 DEOPT PACKING pc=0x00000217cd9cfdc3 sp=0x0000005f59afc990
Event: 79.019 Thread 0x00000217c13921b0 DEOPT UNPACKING pc=0x00000217d4b94b22 sp=0x0000005f59afbe18 mode 0
Event: 80.902 Thread 0x00000217c13921b0 DEOPT PACKING pc=0x00000217cd75363c sp=0x0000005f59afc860
Event: 80.902 Thread 0x00000217c13921b0 DEOPT UNPACKING pc=0x00000217d4b94b22 sp=0x0000005f59afbd40 mode 0
Event: 98.296 Thread 0x00000217c13921b0 Uncommon trap: trap_request=0xffffff45 fr.pc=0x00000217d51ba164 relative=0x00000000000000e4
Event: 98.296 Thread 0x00000217c13921b0 Uncommon trap: reason=unstable_if action=reinterpret pc=0x00000217d51ba164 method=javax.swing.SwingUtilities.computeIntersection(IIIILjava/awt/Rectangle;)Ljava/awt/Rectangle; @ 34 c2
Event: 98.296 Thread 0x00000217c13921b0 DEOPT PACKING pc=0x00000217d51ba164 sp=0x0000005f59afe920
Event: 98.296 Thread 0x00000217c13921b0 DEOPT UNPACKING pc=0x00000217d4b94402 sp=0x0000005f59afe880 mode 2
Event: 103.355 Thread 0x00000217c13921b0 DEOPT PACKING pc=0x00000217cd7ccb81 sp=0x0000005f59afea40
Event: 103.355 Thread 0x00000217c13921b0 DEOPT UNPACKING pc=0x00000217d4b94b22 sp=0x0000005f59afded8 mode 0
Event: 31609.637 Thread 0x00000217c13921b0 Uncommon trap: trap_request=0xffffffcc fr.pc=0x00000217d51e7880 relative=0x0000000000004b80
Event: 31609.637 Thread 0x00000217c13921b0 Uncommon trap: reason=intrinsic_or_type_checked_inlining action=make_not_entrant pc=0x00000217d51e7880 method=java.util.Vector.toArray([Ljava/lang/Object;)[Ljava/lang/Object; @ 36 c2
Event: 31609.638 Thread 0x00000217c13921b0 DEOPT PACKING pc=0x00000217d51e7880 sp=0x0000005f59afd210
Event: 31609.638 Thread 0x00000217c13921b0 DEOPT UNPACKING pc=0x00000217d4b94402 sp=0x0000005f59afd0e0 mode 2
Event: 31609.641 Thread 0x00000217c13921b0 DEOPT PACKING pc=0x00000217cd81d552 sp=0x0000005f59afd0a0
Event: 31609.641 Thread 0x00000217c13921b0 DEOPT UNPACKING pc=0x00000217d4b94b22 sp=0x0000005f59afc498 mode 0
Event: 31609.642 Thread 0x00000217c13921b0 DEOPT PACKING pc=0x00000217cd7aceb9 sp=0x0000005f59afcee0
Event: 31609.642 Thread 0x00000217c13921b0 DEOPT UNPACKING pc=0x00000217d4b94b22 sp=0x0000005f59afc268 mode 0

Classes loaded (20 events):
Event: 74.362 Loading class java/awt/WaitDispatchSupport$5
Event: 74.362 Loading class java/awt/WaitDispatchSupport$5 done
Event: 74.362 Loading class java/awt/WaitDispatchSupport$1
Event: 74.362 Loading class java/awt/WaitDispatchSupport$1 done
Event: 74.362 Loading class java/awt/WaitDispatchSupport$2
Event: 74.362 Loading class java/awt/WaitDispatchSupport$2 done
Event: 74.362 Loading class java/awt/WaitDispatchSupport$4
Event: 74.362 Loading class java/awt/WaitDispatchSupport$4 done
Event: 74.366 Loading class com/sun/java/swing/plaf/windows/WindowsBorders$ComplementDashedBorder
Event: 74.366 Loading class com/sun/java/swing/plaf/windows/WindowsBorders$ComplementDashedBorder done
Event: 77.309 Loading class sun/awt/SunToolkit$1
Event: 77.309 Loading class sun/awt/SunToolkit$1 done
Event: 78.651 Loading class java/lang/StringIndexOutOfBoundsException
Event: 78.651 Loading class java/lang/StringIndexOutOfBoundsException done
Event: 87.670 Loading class java/awt/Canvas
Event: 87.671 Loading class java/awt/Canvas done
Event: 87.671 Loading class java/awt/Scrollbar
Event: 87.671 Loading class java/awt/Scrollbar done
Event: 31611.061 Loading class javax/swing/RepaintManager$DisplayChangedRunnable
Event: 31611.061 Loading class javax/swing/RepaintManager$DisplayChangedRunnable done

Classes unloaded (0 events):
No events

Classes redefined (0 events):
No events

Internal exceptions (20 events):
Event: 0.335 Thread 0x00000217c2bfd970 Exception <a 'java/lang/ClassNotFoundException'{0x0000000750815188}: RootPane> (0x0000000750815188) 
thrown [s\open\src\hotspot\share\classfile\systemDictionary.cpp, line 313]
Event: 0.337 Thread 0x00000217c2bfd970 Exception <a 'java/lang/ClassNotFoundException'{0x0000000750817fe8}: com/sun/swing/internal/plaf/metal/resources/spi/metalProvider> (0x0000000750817fe8) 
thrown [s\open\src\hotspot\share\classfile\systemDictionary.cpp, line 313]
Event: 0.338 Thread 0x00000217c2bfd970 Exception <a 'java/lang/ClassNotFoundException'{0x000000075081bcf8}: com/sun/swing/internal/plaf/basic/resources/spi/basicProvider> (0x000000075081bcf8) 
thrown [s\open\src\hotspot\share\classfile\systemDictionary.cpp, line 313]
Event: 0.419 Thread 0x00000217c13921b0 Exception <a 'java/lang/ClassNotFoundException'{0x00000007508a63e8}: com/sun/swing/internal/plaf/synth/resources/spi/synthProvider> (0x00000007508a63e8) 
thrown [s\open\src\hotspot\share\classfile\systemDictionary.cpp, line 313]
Event: 0.435 Thread 0x00000217c13921b0 Exception <a 'java/lang/NoSuchMethodError'{0x0000000750932288}: 'int java.lang.invoke.Invokers$Holder.invokeExact_MT(java.lang.Object, java.lang.Object)'> (0x0000000750932288) 
thrown [s\open\src\hotspot\share\interpreter\linkResolver.cpp, line 796]
Event: 0.443 Thread 0x00000217c13921b0 Exception <a 'java/lang/NoSuchMethodError'{0x000000075093e9d8}: 'java.lang.Object java.lang.invoke.DirectMethodHandle$Holder.newInvokeSpecial(java.lang.Object, java.lang.Object, int)'> (0x000000075093e9d8) 
thrown [s\open\src\hotspot\share\interpreter\linkResolver.cpp, line 796]
Event: 0.445 Thread 0x00000217c13921b0 Exception <a 'java/lang/NoSuchMethodError'{0x0000000750952d10}: 'java.lang.Object java.lang.invoke.DirectMethodHandle$Holder.invokeStatic(java.lang.Object, java.lang.Object, java.lang.Object, java.lang.Object, int)'> (0x0000000750952d10) 
thrown [s\open\src\hotspot\share\interpreter\linkResolver.cpp, line 796]
Event: 0.446 Thread 0x00000217c13921b0 Exception <a 'java/lang/NoSuchMethodError'{0x000000075095e878}: 'int java.lang.invoke.DirectMethodHandle$Holder.invokeSpecial(java.lang.Object, java.lang.Object, java.lang.Object)'> (0x000000075095e878) 
thrown [s\open\src\hotspot\share\interpreter\linkResolver.cpp, line 796]
Event: 0.521 Thread 0x00000217c13a3320 Exception <a 'java/lang/NoSuchMethodError'{0x0000000750759838}: 'java.lang.Object java.lang.invoke.DirectMethodHandle$Holder.newInvokeSpecial(java.lang.Object, java.lang.Object, java.lang.Object, int, int, int, int, int)'> (0x0000000750759838) 
thrown [s\open\src\hotspot\share\interpreter\linkResolver.cpp, line 796]
Event: 0.535 Thread 0x00000217c1310450 Exception <a 'java/lang/NoSuchMethodError'{0x0000000750a9dd40}: 'void java.lang.invoke.DirectMethodHandle$Holder.invokeVirtual(java.lang.Object, java.lang.Object)'> (0x0000000750a9dd40) 
thrown [s\open\src\hotspot\share\interpreter\linkResolver.cpp, line 796]
Event: 0.549 Thread 0x00000217c13921b0 Exception <a 'java/lang/NoSuchMethodError'{0x00000007507bb700}: 'void java.lang.invoke.DirectMethodHandle$Holder.invokeStaticInit(java.lang.Object)'> (0x00000007507bb700) 
thrown [s\open\src\hotspot\share\interpreter\linkResolver.cpp, line 796]
Event: 22.887 Thread 0x00000217c13921b0 Exception <a 'java/lang/ClassNotFoundException'{0x0000000750a018e0}: com/sun/java/swing/plaf/windows/resources/spi/windowsProvider> (0x0000000750a018e0) 
thrown [s\open\src\hotspot\share\classfile\systemDictionary.cpp, line 313]
Event: 22.890 Thread 0x00000217c13921b0 Exception <a 'java/lang/NoSuchMethodError'{0x0000000750a0b0f8}: 'java.lang.Object java.lang.invoke.DirectMethodHandle$Holder.invokeStatic(java.lang.Object, java.lang.Object, int, java.lang.Object)'> (0x0000000750a0b0f8) 
thrown [s\open\src\hotspot\share\interpreter\linkResolver.cpp, line 796]
Event: 63.690 Thread 0x00000217c13921b0 Exception <a 'java/lang/NoSuchMethodError'{0x000000075082b280}: 'void java.lang.invoke.DirectMethodHandle$Holder.invokeStatic(java.lang.Object, java.lang.Object)'> (0x000000075082b280) 
thrown [s\open\src\hotspot\share\interpreter\linkResolver.cpp, line 796]
Event: 63.711 Thread 0x00000217c13921b0 Exception <a 'java/lang/NoSuchMethodError'{0x00000007508d6b48}: 'java.lang.Object java.lang.invoke.DirectMethodHandle$Holder.invokeInterface(java.lang.Object, java.lang.Object)'> (0x00000007508d6b48) 
thrown [s\open\src\hotspot\share\interpreter\linkResolver.cpp, line 796]
Event: 63.731 Thread 0x00000217c13921b0 Exception <a 'java/lang/NoSuchMethodError'{0x00000007509613b0}: 'java.lang.Object java.lang.invoke.DirectMethodHandle$Holder.invokeVirtual(java.lang.Object, java.lang.Object, java.lang.Object)'> (0x00000007509613b0) 
thrown [s\open\src\hotspot\share\interpreter\linkResolver.cpp, line 796]
Event: 64.104 Thread 0x00000217c13921b0 Exception <a 'sun/nio/fs/WindowsException'{0x00000007506bdee8}> (0x00000007506bdee8) 
thrown [s\open\src\hotspot\share\prims\jni.cpp, line 520]
Event: 64.137 Thread 0x00000217c13921b0 Exception <a 'java/lang/NoSuchMethodError'{0x0000000750764df0}: 'java.lang.Object java.lang.invoke.DirectMethodHandle$Holder.invokeStaticInit(java.lang.Object, int, int, int, int)'> (0x0000000750764df0) 
thrown [s\open\src\hotspot\share\interpreter\linkResolver.cpp, line 796]
Event: 64.151 Thread 0x00000217c13921b0 Exception <a 'java/lang/NoSuchMethodError'{0x00000007507bec70}: 'java.lang.Object java.lang.invoke.DirectMethodHandle$Holder.invokeStaticInit(java.lang.Object, java.lang.Object, int, int, int, int)'> (0x00000007507bec70) 
thrown [s\open\src\hotspot\share\interpreter\linkResolver.cpp, line 796]
Event: 74.361 Thread 0x00000217c13921b0 Exception <a 'java/lang/NoSuchMethodError'{0x0000000748214728}: 'int java.lang.invoke.DirectMethodHandle$Holder.invokeStatic(java.lang.Object)'> (0x0000000748214728) 
thrown [s\open\src\hotspot\share\interpreter\linkResolver.cpp, line 796]

VM Operations (20 events):
Event: 69.760 Executing VM operation: CollectForMetadataAllocation (Metadata GC Threshold)
Event: 69.773 Executing VM operation: CollectForMetadataAllocation (Metadata GC Threshold) done
Event: 69.790 Executing VM operation: G1PauseRemark
Event: 69.793 Executing VM operation: G1PauseRemark done
Event: 69.799 Executing VM operation: G1PauseCleanup
Event: 69.799 Executing VM operation: G1PauseCleanup done
Event: 74.333 Executing VM operation: HandshakeAllThreads (Deoptimize)
Event: 74.333 Executing VM operation: HandshakeAllThreads (Deoptimize) done
Event: 120.141 Executing VM operation: HandshakeAllThreads (HandshakeForDeflation)
Event: 120.141 Executing VM operation: HandshakeAllThreads (HandshakeForDeflation) done
Event: 120.141 Executing VM operation: RendezvousGCThreads
Event: 120.141 Executing VM operation: RendezvousGCThreads done
Event: 180.353 Executing VM operation: HandshakeAllThreads (HandshakeForDeflation)
Event: 180.353 Executing VM operation: HandshakeAllThreads (HandshakeForDeflation) done
Event: 180.354 Executing VM operation: RendezvousGCThreads
Event: 180.354 Executing VM operation: RendezvousGCThreads done
Event: 31665.818 Executing VM operation: HandshakeAllThreads (HandshakeForDeflation)
Event: 31665.818 Executing VM operation: HandshakeAllThreads (HandshakeForDeflation) done
Event: 31665.818 Executing VM operation: RendezvousGCThreads
Event: 31665.819 Executing VM operation: RendezvousGCThreads done

Memory protections (0 events):
No events

Nmethod flushes (0 events):
No events

Events (20 events):
Event: 0.222 Thread 0x00000217c2bfd970 Thread added: 0x00000217c130f0c0
Event: 0.224 Thread 0x00000217c2bfd970 Thread added: 0x00000217c1310450
Event: 0.348 Thread 0x00000217c2bfd970 Thread added: 0x00000217c13921b0
Event: 0.348 Thread 0x00000217c2bfd970 Thread exited: 0x00000217c2bfd970
Event: 0.348 Thread 0x00000217c2bfd970 Thread added: 0x00000217c2bfd970
Event: 0.453 Thread 0x00000217c1205290 Thread exited: 0x00000217c1205290
Event: 0.472 Thread 0x00000217c13921b0 Thread added: 0x00000217c13a3320
Event: 0.669 Thread 0x00000217c13921b0 Thread added: 0x00000217e2bb7f40
Event: 5.542 Thread 0x00000217c13a3320 Thread exited: 0x00000217c13a3320
Event: 63.691 Thread 0x00000217c13921b0 Thread added: 0x00000217e287cba0
Event: 63.719 Thread 0x00000217e251ce70 Thread added: 0x00000217e29a2480
Event: 64.336 Thread 0x00000217e29a2480 Thread exited: 0x00000217e29a2480
Event: 64.350 Thread 0x00000217e252b960 Thread added: 0x00000217e29a2480
Event: 64.526 Thread 0x00000217e29a2480 Thread exited: 0x00000217e29a2480
Event: 69.832 Thread 0x00000217e251ce70 Thread added: 0x00000217e7366470
Event: 69.969 Thread 0x00000217e7366470 Thread exited: 0x00000217e7366470
Event: 137.969 Thread 0x00000217e252b960 Thread added: 0x00000217e75c8380
Event: 142.981 Thread 0x00000217e75c8380 Thread exited: 0x00000217e75c8380
Event: 31609.807 Thread 0x00000217e252b960 Thread added: 0x00000217e75e6480
Event: 31610.310 Thread 0x00000217e75e6480 Thread exited: 0x00000217e75e6480


Dynamic libraries:
0x00007ff6cb770000 - 0x00007ff6cb780000 	C:\Program Files\Java\jdk-23\bin\java.exe
0x00007fffccfb0000 - 0x00007fffcd1a8000 	C:\WINDOWS\SYSTEM32\ntdll.dll
0x00007fffcafd0000 - 0x00007fffcb092000 	C:\WINDOWS\System32\KERNEL32.DLL
0x00007fffcaba0000 - 0x00007fffcae9f000 	C:\WINDOWS\System32\KERNELBASE.dll
0x00007fffca960000 - 0x00007fffcaa60000 	C:\WINDOWS\System32\ucrtbase.dll
0x00007fffb6680000 - 0x00007fffb669b000 	C:\Program Files\Java\jdk-23\bin\VCRUNTIME140.dll
0x00007fffa9660000 - 0x00007fffa9677000 	C:\Program Files\Java\jdk-23\bin\jli.dll
0x00007fffcc430000 - 0x00007fffcc5cd000 	C:\WINDOWS\System32\USER32.dll
0x00007fffcab70000 - 0x00007fffcab92000 	C:\WINDOWS\System32\win32u.dll
0x00007fffcb900000 - 0x00007fffcb92b000 	C:\WINDOWS\System32\GDI32.dll
0x00007fffca7b0000 - 0x00007fffca8ca000 	C:\WINDOWS\System32\gdi32full.dll
0x00007fffcaad0000 - 0x00007fffcab6d000 	C:\WINDOWS\System32\msvcp_win.dll
0x00007fffacbc0000 - 0x00007ffface5a000 	C:\WINDOWS\WinSxS\amd64_microsoft.windows.common-controls_6595b64144ccf1df_6.0.19041.4355_none_60b8b9eb71f62e16\COMCTL32.dll
0x00007fffcc6b0000 - 0x00007fffcc74e000 	C:\WINDOWS\System32\msvcrt.dll
0x00007fffccb50000 - 0x00007fffccb7f000 	C:\WINDOWS\System32\IMM32.DLL
0x00007fffb53a0000 - 0x00007fffb53ac000 	C:\Program Files\Java\jdk-23\bin\vcruntime140_1.dll
0x00007fffa60f0000 - 0x00007fffa617e000 	C:\Program Files\Java\jdk-23\bin\msvcp140.dll
0x00007fff60360000 - 0x00007fff610af000 	C:\Program Files\Java\jdk-23\bin\server\jvm.dll
0x00007fffcb2a0000 - 0x00007fffcb34f000 	C:\WINDOWS\System32\ADVAPI32.dll
0x00007fffcc900000 - 0x00007fffcc99f000 	C:\WINDOWS\System32\sechost.dll
0x00007fffcb7d0000 - 0x00007fffcb8f3000 	C:\WINDOWS\System32\RPCRT4.dll
0x00007fffcafa0000 - 0x00007fffcafc7000 	C:\WINDOWS\System32\bcrypt.dll
0x00007fffcc3c0000 - 0x00007fffcc42b000 	C:\WINDOWS\System32\WS2_32.dll
0x00007fffc9be0000 - 0x00007fffc9c2b000 	C:\WINDOWS\SYSTEM32\POWRPROF.dll
0x00007fffbff10000 - 0x00007fffbff37000 	C:\WINDOWS\SYSTEM32\WINMM.dll
0x00007fffc1d50000 - 0x00007fffc1d5a000 	C:\WINDOWS\SYSTEM32\VERSION.dll
0x00007fffc9a50000 - 0x00007fffc9a62000 	C:\WINDOWS\SYSTEM32\UMPDC.dll
0x00007fffc8230000 - 0x00007fffc8242000 	C:\WINDOWS\SYSTEM32\kernel.appcore.dll
0x00007fffb3930000 - 0x00007fffb393a000 	C:\Program Files\Java\jdk-23\bin\jimage.dll
0x00007fffc4c10000 - 0x00007fffc4df4000 	C:\WINDOWS\SYSTEM32\DBGHELP.DLL
0x00007fffc49b0000 - 0x00007fffc49e4000 	C:\WINDOWS\SYSTEM32\dbgcore.DLL
0x00007fffca8d0000 - 0x00007fffca952000 	C:\WINDOWS\System32\bcryptPrimitives.dll
0x00007fffb5380000 - 0x00007fffb539e000 	C:\Program Files\Java\jdk-23\bin\java.dll
0x00007fffcb100000 - 0x00007fffcb22b000 	C:\WINDOWS\System32\ole32.dll
0x00007fffccb80000 - 0x00007fffcced5000 	C:\WINDOWS\System32\combase.dll
0x00007fffcbc50000 - 0x00007fffcc3bd000 	C:\WINDOWS\System32\SHELL32.dll
0x00007fffc8510000 - 0x00007fffc8cb4000 	C:\WINDOWS\SYSTEM32\windows.storage.dll
0x00007fffca080000 - 0x00007fffca0ab000 	C:\WINDOWS\SYSTEM32\Wldp.dll
0x00007fffcb930000 - 0x00007fffcb9fd000 	C:\WINDOWS\System32\OLEAUT32.dll
0x00007fffcbb10000 - 0x00007fffcbbbd000 	C:\WINDOWS\System32\SHCORE.dll
0x00007fffccaf0000 - 0x00007fffccb45000 	C:\WINDOWS\System32\shlwapi.dll
0x00007fffca580000 - 0x00007fffca5a5000 	C:\WINDOWS\SYSTEM32\profapi.dll
0x00007fff8d760000 - 0x00007fff8d837000 	C:\Program Files\Java\jdk-23\bin\jsvml.dll
0x00007fffb1330000 - 0x00007fffb1340000 	C:\Program Files\Java\jdk-23\bin\net.dll
0x00007fffc9de0000 - 0x00007fffc9e4c000 	C:\WINDOWS\system32\mswsock.dll
0x00007fffb1310000 - 0x00007fffb1326000 	C:\Program Files\Java\jdk-23\bin\nio.dll
0x00007fffad380000 - 0x00007fffad397000 	C:\Program Files\Java\jdk-23\bin\zip.dll
0x00007fff8cad0000 - 0x00007fff8cc5e000 	C:\Program Files\Java\jdk-23\bin\awt.dll
0x00007fffc78c0000 - 0x00007fffc7954000 	C:\WINDOWS\SYSTEM32\apphelp.dll
0x00007fffc7e40000 - 0x00007fffc7ede000 	C:\WINDOWS\system32\uxtheme.dll
0x00007fffcc9a0000 - 0x00007fffccab5000 	C:\WINDOWS\System32\MSCTF.dll
0x00007fffc8200000 - 0x00007fffc822f000 	C:\WINDOWS\system32\DWMAPI.DLL
0x00007fff8bb00000 - 0x00007fff8bb87000 	C:\Program Files\Java\jdk-23\bin\freetype.dll
0x00007fff8ba20000 - 0x00007fff8baf7000 	C:\Program Files\Java\jdk-23\bin\fontmanager.dll
0x00007fff98860000 - 0x00007fff98988000 	C:\WINDOWS\system32\opengl32.dll
0x00007fffa0430000 - 0x00007fffa045c000 	C:\WINDOWS\SYSTEM32\GLU32.dll
0x00007fffc7770000 - 0x00007fffc77ab000 	C:\WINDOWS\SYSTEM32\dxcore.dll
0x00007fffcaf50000 - 0x00007fffcaf9e000 	C:\WINDOWS\System32\cfgmgr32.dll
0x00007fffcba00000 - 0x00007fffcbaa9000 	C:\WINDOWS\System32\clbcatq.dll
0x00007fffc7c10000 - 0x00007fffc7dc4000 	C:\WINDOWS\SYSTEM32\WindowsCodecs.dll
0x00007fffad4f0000 - 0x00007fffad52e000 	C:\WINDOWS\system32\dataexchange.dll
0x00007fffc5f50000 - 0x00007fffc61b3000 	C:\WINDOWS\system32\d3d11.dll
0x00007fffc6960000 - 0x00007fffc6b44000 	C:\WINDOWS\system32\dcomp.dll
0x00007fffc8cd0000 - 0x00007fffc8dc6000 	C:\WINDOWS\system32\dxgi.dll
0x00007fffc4620000 - 0x00007fffc4823000 	C:\WINDOWS\system32\twinapi.appcore.dll
0x00007fffb1c80000 - 0x00007fffb1d79000 	C:\WINDOWS\SYSTEM32\textinputframework.dll
0x00007fffc7370000 - 0x00007fffc7462000 	C:\WINDOWS\System32\CoreMessaging.dll
0x00007fffc6f60000 - 0x00007fffc72bb000 	C:\WINDOWS\System32\CoreUIComponents.dll
0x00007fffc98e0000 - 0x00007fffc9913000 	C:\WINDOWS\SYSTEM32\ntmarta.dll
0x00007fffc6780000 - 0x00007fffc68d7000 	C:\WINDOWS\SYSTEM32\wintypes.dll
0x00007fffb1090000 - 0x00007fffb10f6000 	C:\WINDOWS\system32\Oleacc.dll
0x00007fffad370000 - 0x00007fffad379000 	C:\Program Files\Java\jdk-23\bin\extnet.dll
0x00007fffc9fd0000 - 0x00007fffc9fe8000 	C:\WINDOWS\SYSTEM32\CRYPTSP.dll
0x00007fffc9690000 - 0x00007fffc96c8000 	C:\WINDOWS\system32\rsaenh.dll
0x00007fffca500000 - 0x00007fffca52e000 	C:\WINDOWS\SYSTEM32\USERENV.dll
0x00007fffc9ff0000 - 0x00007fffc9ffc000 	C:\WINDOWS\SYSTEM32\CRYPTBASE.dll
0x00007fffc9a70000 - 0x00007fffc9aab000 	C:\WINDOWS\SYSTEM32\IPHLPAPI.DLL
0x00007fffccac0000 - 0x00007fffccac8000 	C:\WINDOWS\System32\NSI.dll
0x00007fffad2f0000 - 0x00007fffad2fe000 	C:\Program Files\Java\jdk-23\bin\sunmscapi.dll
0x00007fffca650000 - 0x00007fffca7ac000 	C:\WINDOWS\System32\CRYPT32.dll
0x00007fffca0f0000 - 0x00007fffca117000 	C:\WINDOWS\SYSTEM32\ncrypt.dll
0x00007fffca0b0000 - 0x00007fffca0eb000 	C:\WINDOWS\SYSTEM32\NTASN1.dll
0x00007fffb4a30000 - 0x00007fffb4ae0000 	C:\WINDOWS\WinSxS\amd64_microsoft.windows.common-controls_6595b64144ccf1df_5.82.19041.4355_none_792ecafd2442822f\comctl32.dll

dbghelp: loaded successfully - version: 4.0.5 - missing functions: none
symbol engine: initialized successfully - sym options: 0x614 - pdb path: .;C:\Program Files\Java\jdk-23\bin;C:\WINDOWS\SYSTEM32;C:\WINDOWS\WinSxS\amd64_microsoft.windows.common-controls_6595b64144ccf1df_6.0.19041.4355_none_60b8b9eb71f62e16;C:\Program Files\Java\jdk-23\bin\server;C:\WINDOWS\WinSxS\amd64_microsoft.windows.common-controls_6595b64144ccf1df_5.82.19041.4355_none_792ecafd2442822f

VM Arguments:
jvm_args: -Dfile.encoding=UTF-8 
java_command: Formularios.Inicio
java_class_path (initial): C:\Users\IT\Documents\NetBeansProjects\AdministradorRey\lib\absolutelayout\AbsoluteLayout.jar;C:\Users\IT\Documents\NetBeansProjects\AdministradorRey\lib\jcalendar-1.3.3.jar;C:\Users\IT\Documents\NetBeansProjects\AdministradorRey\lib\mysql-connector-java-8.0.17.jar;C:\Users\IT\Documents\NetBeansProjects\AdministradorRey\lib\commons-beanutils-1.8.0.jar;C:\Users\IT\Documents\NetBeansProjects\AdministradorRey\lib\commons-digester-2.1.jar;C:\Users\IT\Documents\NetBeansProjects\AdministradorRey\lib\commons-javaflow-20060411.jar;C:\Users\IT\Documents\NetBeansProjects\AdministradorRey\lib\commons-logging-1.1.1.jar;C:\Users\IT\Documents\NetBeansProjects\AdministradorRey\lib\groovy-all-2.0.1.jar;C:\Users\IT\Documents\NetBeansProjects\AdministradorRey\lib\iText-2.1.7.js2.jar;C:\Users\IT\Documents\NetBeansProjects\AdministradorRey\lib\log4j-1.2.15.jar;C:\Users\IT\Documents\NetBeansProjects\AdministradorRey\lib\png-encoder-1.5.jar;C:\Users\IT\Documents\NetBeansProjects\AdministradorRey\lib\xalan-2.7.1.jar;C:\Users\IT\Documents\NetBeansProjects\AdministradorRey\lib\jasperreports-6.17.0.jar;C:\Users\IT\Documents\NetBeansProjects\AdministradorRey\lib\commons-collections4-4.1.jar;C:\Users\IT\Documents\NetBeansProjects\AdministradorRey\build\classes
Launcher Type: SUN_STANDARD

[Global flags]
     intx CICompilerCount                          = 3                                         {product} {ergonomic}
     uint ConcGCThreads                            = 1                                         {product} {ergonomic}
     uint G1ConcRefinementThreads                  = 4                                         {product} {ergonomic}
   size_t G1HeapRegionSize                         = 2097152                                   {product} {ergonomic}
   size_t InitialHeapSize                          = 197132288                                 {product} {ergonomic}
   size_t MarkStackSize                            = 4194304                                   {product} {ergonomic}
   size_t MarkStackSizeMax                         = 536870912                                 {product} {ergonomic}
   size_t MaxHeapSize                              = 3133145088                                {product} {ergonomic}
   size_t MaxNewSize                               = 1879048192                                {product} {ergonomic}
   size_t MinHeapDeltaBytes                        = 2097152                                   {product} {ergonomic}
   size_t MinHeapSize                              = 8388608                                   {product} {ergonomic}
    uintx NonNMethodCodeHeapSize                   = 5832704                                {pd product} {ergonomic}
    uintx NonProfiledCodeHeapSize                  = 122945536                              {pd product} {ergonomic}
    uintx ProfiledCodeHeapSize                     = 122880000                              {pd product} {ergonomic}
    uintx ReservedCodeCacheSize                    = 251658240                              {pd product} {ergonomic}
     bool SegmentedCodeCache                       = true                                      {product} {ergonomic}
   size_t SoftMaxHeapSize                          = 3133145088                             {manageable} {ergonomic}
     bool UseCompressedOops                        = true                           {product lp64_product} {ergonomic}
     bool UseG1GC                                  = true                                      {product} {ergonomic}
     bool UseLargePagesIndividualAllocation        = false                                  {pd product} {ergonomic}

Logging:
Log output configuration:
 #0: stdout all=warning uptime,level,tags foldmultilines=false
 #1: stderr all=off uptime,level,tags foldmultilines=false

Environment Variables:
PATH=C:\Python313\Scripts\;C:\Python313\;C:\app\it\product\21c\dbhomeXE\bin;C:\Program Files\Common Files\Oracle\Java\javapath;C:\ProgramData\Oracle\Java\javapath;C:\WINDOWS\system32;C:\WINDOWS;C:\WINDOWS\System32\Wbem;C:\WINDOWS\System32\WindowsPowerShell\v1.0\;C:\WINDOWS\System32\OpenSSH\;C:\Program Files (x86)\ZeroTier\One\;C:\Program Files\WireGuard\;C:\Program Files\nodejs\;C:\ProgramData\chocolatey\bin;C:\REST\bin;C:\Users\IT\AppData\Local\Microsoft\WindowsApps;C:\Users\IT\AppData\Roaming\npm;C:\Users\IT\AppData\Local\Programs\Microsoft VS Code\bin;C:\REST\bin;;C:\Program Files\JetBrains\IntelliJ IDEA 2024.3.2.2\bin;
USERNAME=it
OS=Windows_NT
PROCESSOR_IDENTIFIER=Intel64 Family 6 Model 60 Stepping 3, GenuineIntel
TMP=C:\Users\IT\AppData\Local\Temp
TEMP=C:\Users\IT\AppData\Local\Temp




Periodic native trim disabled

---------------  S Y S T E M  ---------------

OS:
 Windows 10 , 64 bit Build 19041 (10.0.19041.5438)
OS uptime: 13 days 5:47 hours

CPU: total 4 (initial active 4) (4 cores per cpu, 1 threads per core) family 6 model 60 stepping 3 microcode 0x27, cx8, cmov, fxsr, mmx, sse, sse2, sse3, ssse3, sse4.1, sse4.2, popcnt, lzcnt, tsc, tscinvbit, avx, avx2, aes, erms, clmul, bmi1, bmi2, fma, vzeroupper, clflush, rdtscp, f16c
Processor Information for the first 4 processors :
  Max Mhz: 3001, Current Mhz: 3001, Mhz Limit: 3001

Memory: 4k page, system-wide physical 11947M (3994M free)
TotalPageFile size 19627M (AvailPageFile size 9390M)
current process WorkingSet (physical memory assigned to process): 126M, peak: 138M
current process commit charge ("private bytes"): 168M, peak: 302M

vm_info: Java HotSpot(TM) 64-Bit Server VM (23.0.1+11-39) for windows-amd64 JRE (23.0.1+11-39), built on 2024-09-30T07:20:43Z with MS VC++ 17.6 (VS2022)

END.
