#
# A fatal error has been detected by the Java Runtime Environment:
#
#  EXCEPTION_ACCESS_VIOLATION (0xc0000005) at pc=0x00007ffa5222be01, pid=8680, tid=3380
#
# JRE version: Java(TM) SE Runtime Environment (23.0.1+11) (build 23.0.1+11-39)
# Java VM: Java HotSpot(TM) 64-Bit Server VM (23.0.1+11-39, mixed mode, sharing, tiered, compressed oops, compressed class ptrs, g1 gc, windows-amd64)
# Problematic frame:
# C  [awt.dll+0xdbe01]
#
# No core dump will be written. Minidumps are not enabled by default on client versions of Windows
#
# If you would like to submit a bug report, please visit:
#   https://bugreport.java.com/bugreport/crash.jsp
# The crash happened outside the Java Virtual Machine in native code.
# See problematic frame for where to report the bug.
#

---------------  S U M M A R Y ------------

Command Line: -Dfile.encoding=UTF-8 Formularios.Inicio

Host: Intel(R) Core(TM) i5-4430 CPU @ 3.00GHz, 4 cores, 11G,  Windows 10 , 64 bit Build 19041 (10.0.19041.4957)
Time: Mon Nov 11 09:03:30 2024 Hora estándar, América Central elapsed time: 10041.297715 seconds (0d 2h 47m 21s)

---------------  T H R E A D  ---------------

Current thread (0x0000022242c85a70):  JavaThread "AWT-Windows" daemon [_thread_in_native, id=3380, stack(0x000000f774300000,0x000000f774400000) (1024K)]

Stack: [0x000000f774300000,0x000000f774400000],  sp=0x000000f7743fee80,  free space=1019k
Native frames: (J=compiled Java code, j=interpreted, Vv=VM code, C=native code)
C  [awt.dll+0xdbe01]  (no source info available)
C  [awt.dll+0x9783c]  (no source info available)
C  [awt.dll+0x978e6]  (no source info available)
C  [awt.dll+0x94cb6]  (no source info available)
C  [awt.dll+0xe0f8c]  (no source info available)
C  [awt.dll+0xb0d3d]  (no source info available)
C  [awt.dll+0x97e1d]  (no source info available)
C  [USER32.dll+0xef5c]  (no source info available)
C  [USER32.dll+0xe9de]  (no source info available)
C  [awt.dll+0x161c3]  (no source info available)
C  [COMCTL32.dll+0x89aaa]  (no source info available)
C  [COMCTL32.dll+0x898a7]  (no source info available)
C  [USER32.dll+0xef5c]  (no source info available)
C  [USER32.dll+0xe684]  (no source info available)
C  [awt.dll+0xd530e]  (no source info available)
C  [awt.dll+0xd7242]  (no source info available)
C  0x000002223515d207  (no source info available)

The last pc belongs to native method entry point (kind = native) (printed below).
Java frames: (J=compiled Java code, j=interpreted, Vv=VM code)
j  sun.awt.windows.WToolkit.eventLoop()V+0 java.desktop@23.0.1
j  sun.awt.windows.WToolkit.run()V+50 java.desktop@23.0.1
j  java.lang.Thread.runWith(Ljava/lang/Object;Ljava/lang/Runnable;)V+5 java.base@23.0.1
j  java.lang.Thread.run()V+19 java.base@23.0.1
v  ~StubRoutines::call_stub 0x0000022235150fcd

siginfo: EXCEPTION_ACCESS_VIOLATION (0xc0000005), reading address 0x0000000000000008


Registers:
RAX=0x0000000000000000, RBX=0x000002228a4c1040, RCX=0x0000000000000000, RDX=0x0000000000000000
RSP=0x000000f7743fee80, RBP=0x000000f7743fef89, RSI=0xffffffffcc0101ad, RDI=0x0000000000000000
R8 =0x0000000000000001, R9 =0x000000f7743fef89, R10=0x0000000000000000, R11=0x0000000000000246
R12=0x0000000000000000, R13=0x0000000000000310, R14=0x0000000000000000, R15=0x0000000000000000
RIP=0x00007ffa5222be01, EFLAGS=0x0000000000010246


Register to memory mapping:

RAX=0x0 is null
RBX=0x000002228a4c1040 points into unknown readable memory: 0x000002228aaa9260 | 60 92 aa 8a 22 02 00 00
RCX=0x0 is null
RDX=0x0 is null
RSP=0x000000f7743fee80 is pointing into the stack for thread: 0x0000022242c85a70
RBP=0x000000f7743fef89 is pointing into the stack for thread: 0x0000022242c85a70
RSI=0xffffffffcc0101ad is an unknown value
RDI=0x0 is null
R8 =0x0000000000000001 is an unknown value
R9 =0x000000f7743fef89 is pointing into the stack for thread: 0x0000022242c85a70
R10=0x0 is null
R11=0x0000000000000246 is an unknown value
R12=0x0 is null
R13=0x0000000000000310 is an unknown value
R14=0x0 is null
R15=0x0 is null

Top of Stack: (sp=0x000000f7743fee80)
0x000000f7743fee80:   00007ffa52289838 ffffffffcc0101ad
0x000000f7743fee90:   0000000000000000 0000000000000000
0x000000f7743feea0:   0000000000000000 00007ffa521e783c
0x000000f7743feeb0:   ffffffffcc0101ad 0000022289bb85c0
0x000000f7743feec0:   000002228a4c1040 00007ffa9ef1e9de
0x000000f7743feed0:   0000000000000000 00007ffa521e78e6
0x000000f7743feee0:   0000022289bb85c0 00007ffa52150000
0x000000f7743feef0:   0000000000000000 0000000000000000
0x000000f7743fef00:   0000000000000000 00007ffa521e4cb6
0x000000f7743fef10:   0000022289bb85c0 0000000000000000
0x000000f7743fef20:   0000000000000000 000000f7743ff270
0x000000f7743fef30:   000000000000c1da 00007ffa9ef1f163
0x000000f7743fef40:   0000000000000000 0000000000000001
0x000000f7743fef50:   0000000000000000 00007ffa7f709aaa
0x000000f7743fef60:   0000000000000000 00007ffa9f109877
0x000000f7743fef70:   000000f7743ff030 0000022242c85e30
0x000000f7743fef80:   0000022289bb8660 0000000000000000
0x000000f7743fef90:   0000000000000000 0000579bdca14560
0x000000f7743fefa0:   0000000000000001 0000000000000000
0x000000f7743fefb0:   0000000000000000 0000000000000000
0x000000f7743fefc0:   0000000000000000 0000000000000310
0x000000f7743fefd0:   0000000000000000 0000022289bb85c0
0x000000f7743fefe0:   0000022289bb85c0 00007ffa52230f8c
0x000000f7743feff0:   0000000000000001 0000000000000000
0x000000f7743ff000:   0000000000000000 0000022242b10bca
0x000000f7743ff010:   000000f70000c1da 00007ffa080c4bf1
0x000000f7743ff020:   0000000000000000 0000000000262f40
0x000000f7743ff030:   0000022223afebb0 00007ffa9ef20317
0x000000f7743ff040:   0000000000000000 00007ffa9f109993
0x000000f7743ff050:   000000f772865800 00000000ffffffeb
0x000000f7743ff060:   0000000000000000 0000579bdca14580
0x000000f7743ff070:   000000f7743ff270 0000000000000000 

Instructions: (pc=0x00007ffa5222be01)
0x00007ffa5222bd01:   83 ec 28 66 0f 6e c2 0f 5b c0 f3 0f 59 41 48 0f
0x00007ffa5222bd11:   5a c8 f2 0f 10 05 bd 4e 03 00 f2 0f 5c 0d e5 4e
0x00007ffa5222bd21:   01 00 66 0f 2f c1 76 0a b8 00 00 00 80 48 83 c4
0x00007ffa5222bd31:   28 c3 66 0f 2f 0d 65 98 02 00 76 0a b8 ff ff ff
0x00007ffa5222bd41:   7f 48 83 c4 28 c3 0f 28 c1 e8 af 0e 01 00 f2 0f
0x00007ffa5222bd51:   2c c0 48 83 c4 28 c3 cc cc cc cc cc cc cc cc 48
0x00007ffa5222bd61:   83 ec 28 66 0f 6e c2 0f 5b c0 f3 0f 59 41 4c 0f
0x00007ffa5222bd71:   5a c8 f2 0f 10 05 5d 4e 03 00 f2 0f 5c 0d 85 4e
0x00007ffa5222bd81:   01 00 66 0f 2f c1 76 0a b8 00 00 00 80 48 83 c4
0x00007ffa5222bd91:   28 c3 66 0f 2f 0d 05 98 02 00 76 0a b8 ff ff ff
0x00007ffa5222bda1:   7f 48 83 c4 28 c3 0f 28 c1 e8 4f 0e 01 00 f2 0f
0x00007ffa5222bdb1:   2c c0 48 83 c4 28 c3 cc cc cc cc cc cc cc cc 48
0x00007ffa5222bdc1:   8b 49 08 48 85 c9 0f 85 b3 7c fe ff 33 c0 c3 48
0x00007ffa5222bdd1:   89 5c 24 08 48 89 74 24 10 57 48 83 ec 20 8b fa
0x00007ffa5222bde1:   48 8b f1 e8 b7 be f4 ff 48 8b d8 48 89 44 24 40
0x00007ffa5222bdf1:   41 b8 01 00 00 00 8b d7 48 8b c8 e8 1f be f4 ff
0x00007ffa5222be01:   48 8b 48 08 48 85 c9 74 0d 48 8b d6 e8 6e 7c fe
0x00007ffa5222be11:   ff 48 8b f8 eb 02 33 ff 48 8b cb e8 3f c0 f4 ff
0x00007ffa5222be21:   90 48 8b c7 48 8b 5c 24 30 48 8b 74 24 38 48 83
0x00007ffa5222be31:   c4 20 5f c3 cc cc cc cc cc cc cc cc cc cc cc 48
0x00007ffa5222be41:   8b 01 89 10 c3 cc cc cc cc cc cc cc cc cc cc 40
0x00007ffa5222be51:   57 48 83 ec 40 48 83 79 38 00 48 8b f9 0f 84 96
0x00007ffa5222be61:   01 00 00 48 8b 0d b5 9f 06 00 ba 02 00 01 00 48
0x00007ffa5222be71:   89 5c 24 58 48 89 74 24 68 e8 40 d8 00 00 4c 8b
0x00007ffa5222be81:   05 12 a5 06 00 48 8b c8 48 8b 57 38 48 8b d8 4c
0x00007ffa5222be91:   8b 08 41 ff 91 f8 02 00 00 48 8b f0 48 85 c0 0f
0x00007ffa5222bea1:   84 4a 01 00 00 4c 8b 0b 48 8b d0 4c 8b 05 d5 a4
0x00007ffa5222beb1:   06 00 48 8b cb 41 ff 91 00 01 00 00 84 c0 0f 84
0x00007ffa5222bec1:   2b 01 00 00 48 8b 7f 08 48 8b d6 48 8b 03 48 8b
0x00007ffa5222bed1:   cb 4c 8b 05 c7 a4 06 00 48 81 c7 00 04 00 00 48
0x00007ffa5222bee1:   89 6c 24 60 4c 89 64 24 38 ff 90 f8 02 00 00 4c
0x00007ffa5222bef1:   8b 0b 48 8b d6 4c 8b 05 ab a4 06 00 48 8b cb 4c 


Stack slot to memory mapping:

stack at sp + 0 slots: 0x00007ffa52289838 awt.dll
stack at sp + 1 slots: 0xffffffffcc0101ad is an unknown value
stack at sp + 2 slots: 0x0 is null
stack at sp + 3 slots: 0x0 is null
stack at sp + 4 slots: 0x0 is null
stack at sp + 5 slots: 0x00007ffa521e783c awt.dll
stack at sp + 6 slots: 0xffffffffcc0101ad is an unknown value
stack at sp + 7 slots: 0x0000022289bb85c0 points into unknown readable memory: 0x00007ffa5225c860 | 60 c8 25 52 fa 7f 00 00

Lock stack of current Java thread (top to bottom):

native method entry point (kind = native)  [0x000002223515cde0, 0x000002223515d938]  2904 bytes
[MachCode]
  0x000002223515cde0: 488b 4b08 | 0fb7 492e | 584c 8d74 | ccf8 6800 | 0000 0068 | 0000 0000 | 5055 488b | ec41 5568 
  0x000002223515ce00: 0000 0000 | 4c8b 6b08 | 4d8d 6d38 | 5348 8b53 | 0848 8b52 | 0848 8b52 | 1848 8b52 | 7048 8b12 
  0x000002223515ce20: 5248 8b53 | 1048 85d2 | 0f84 0700 | 0000 4881 | c210 0100 | 0052 488b | 5308 488b | 5208 488b 
  0x000002223515ce40: 5210 5249 | 8bc6 482b | c548 c1e8 | 0350 6800 | 0000 0068 | f7ff ffff | 41c6 8771 | 0400 0001 
  0x000002223515ce60: 488b 4310 | 4885 c074 | 208b 88cc | 0000 0083 | c102 8988 | cc00 0000 | 2388 e000 | 0000 0f84 
  0x000002223515ce80: 000a 0000 | e9cf 0000 | 0048 8b43 | 1848 85c0 | 0f85 b000 | 0000 e805 | 0000 00e9 | 9900 0000 
  0x000002223515cea0: 488b d348 | 8d44 2408 | 4c89 6dc0 | 498b cfc5 | f877 4989 | afb0 0300 | 0049 8987 | a003 0000 
  0x000002223515cec0: 4883 ec20 | 40f6 c40f | 0f84 1900 | 0000 4883 | ec08 48b8 | 9026 0408 | fa7f 0000 | ffd0 4883 
  0x000002223515cee0: c408 e90c | 0000 0048 | b890 2604 | 08fa 7f00 | 00ff d048 | 83c4 2049 | c787 a003 | 0000 0000 
  0x000002223515cf00: 0000 49c7 | 87b0 0300 | 0000 0000 | 0049 c787 | a803 0000 | 0000 0000 | c5f8 7749 | 837f 0800 
  0x000002223515cf20: 0f84 0500 | 0000 e995 | 3fff ff4c | 8b6d c04c | 8b75 c84e | 8d74 f500 | c348 8b43 | 1848 85c0 
  0x000002223515cf40: 0f84 1200 | 0000 8b48 | 0883 c102 | 8948 0823 | 481c 0f84 | 2c09 0000 | 493b a7e8 | 0400 000f 
  0x000002223515cf60: 8748 0000 | 0089 8424 | 00f0 ffff | 8984 2400 | e0ff ff89 | 8424 00d0 | ffff 8984 | 2400 c0ff 
  0x000002223515cf80: ff89 8424 | 00b0 ffff | 8984 2400 | a0ff ff89 | 8424 0090 | ffff 8984 | 2400 80ff | ff49 3ba7 
  0x000002223515cfa0: e004 0000 | 7607 4989 | a7e8 0400 | 0041 c687 | 7104 0000 | 0049 ba41 | ad8b 08fa | 7f00 0041 
  0x000002223515cfc0: 803a 000f | 843e 0000 | 0048 8b55 | e849 8bcf | 4883 ec20 | 40f6 c40f | 0f84 1900 | 0000 4883 
  0x000002223515cfe0: ec08 48b8 | 10ee 3b08 | fa7f 0000 | ffd0 4883 | c408 e90c | 0000 0048 | b810 ee3b | 08fa 7f00 
  0x000002223515d000: 00ff d048 | 83c4 2048 | 8b5d e84c | 8b5b 0845 | 0fb7 5b2e | 41c1 e303 | 492b e348 | 83ec 2048 
  0x000002223515d020: 83e4 f04c | 8b5b 604d | 85db 0f85 | ab00 0000 | e805 0000 | 00e9 9900 | 0000 488b | d348 8d44 
  0x000002223515d040: 2408 4c89 | 6dc0 498b | cfc5 f877 | 4989 afb0 | 0300 0049 | 8987 a003 | 0000 4883 | ec20 40f6 
  0x000002223515d060: c40f 0f84 | 1900 0000 | 4883 ec08 | 48b8 f04d | 0408 fa7f | 0000 ffd0 | 4883 c408 | e90c 0000 
  0x000002223515d080: 0048 b8f0 | 4d04 08fa | 7f00 00ff | d048 83c4 | 2049 c787 | a003 0000 | 0000 0000 | 49c7 87b0 
  0x000002223515d0a0: 0300 0000 | 0000 0049 | c787 a803 | 0000 0000 | 0000 c5f8 | 7749 837f | 0800 0f84 | 0500 0000 
  0x000002223515d0c0: e9fb 3dff | ff4c 8b6d | c04c 8b75 | c84e 8d74 | f500 c348 | 8b5d e84c | 8b5b 6041 | ffd3 488b 
  0x000002223515d0e0: 5de8 4889 | 4518 448b | 5b28 41f6 | c308 0f84 | 1b00 0000 | 4c8b 5b08 | 4d8b 5b08 | 4d8b 5b18 
  0x000002223515d100: 4d8b 5b70 | 4d8b 1b4c | 895d 1048 | 8d55 1048 | 8b43 5849 | ba60 3c3c | 08fa 7f00 | 0049 3bc2 
  0x000002223515d120: 0f85 ab00 | 0000 e805 | 0000 00e9 | 9900 0000 | 488b d348 | 8d44 2408 | 4c89 6dc0 | 498b cfc5 
  0x000002223515d140: f877 4989 | afb0 0300 | 0049 8987 | a003 0000 | 4883 ec20 | 40f6 c40f | 0f84 1900 | 0000 4883 
  0x000002223515d160: ec08 48b8 | f04d 0408 | fa7f 0000 | ffd0 4883 | c408 e90c | 0000 0048 | b8f0 4d04 | 08fa 7f00 
  0x000002223515d180: 00ff d048 | 83c4 2049 | c787 a003 | 0000 0000 | 0000 49c7 | 87b0 0300 | 0000 0000 | 0049 c787 
  0x000002223515d1a0: a803 0000 | 0000 0000 | c5f8 7749 | 837f 0800 | 0f84 0500 | 0000 e905 | 3dff ff4c | 8b6d c04c 
  0x000002223515d1c0: 8b75 c84e | 8d74 f500 | c348 8b5d | e848 8b43 | 5849 8d8f | c003 0000 | c5f8 7749 | 89af b003 
  0x000002223515d1e0: 0000 49ba | d8d1 1535 | 2202 0000 | 4d89 97a8 | 0300 0049 | 89a7 a003 | 0000 41c7 | 8744 0400 
  0x000002223515d200: 0004 0000 | 00ff d0c5 | f877 4883 | ec10 c5fb | 1104 2448 | 83ec 1048 | 8904 2448 | c744 2408 
  0x000002223515d220: 0000 0000 | 41c7 8744 | 0400 0005 | 0000 00f0 | 8344 24c0 | 0049 3baf | 4804 0000 | 0f87 0e00 
  0x000002223515d240: 0000 4183 | bf40 0400 | 0000 0f84 | 2000 0000 | 498b cf4c | 8be4 4883 | ec20 4883 | e4f0 48b8 
  0x000002223515d260: 90a9 0508 | fa7f 0000 | ffd0 498b | e44d 33e4 | 41c7 8744 | 0400 0008 | 0000 0049 | c787 a003 
  0x000002223515d280: 0000 0000 | 0000 49c7 | 87b0 0300 | 0000 0000 | 0049 c787 | a803 0000 | 0000 0000 | c5f8 774d 
  0x000002223515d2a0: 8b9f 3004 | 0000 41c7 | 8300 0100 | 0000 0000 | 0049 bbda | a515 3522 | 0200 004c | 3b5d 180f 
  0x000002223515d2c0: 8524 0200 | 0048 8b04 | 2448 83c4 | 1048 85c0 | 0f84 fe01 | 0000 a803 | 0f85 0800 | 0000 488b 
  0x000002223515d2e0: 00e9 ee01 | 0000 a801 | 0f85 0900 | 0000 488b | 40fe e9dd | 0100 0048 | 8b40 ff41 | 807f 3800 
  0x000002223515d300: 0f84 ce01 | 0000 4883 | f800 0f84 | c401 0000 | 4d8b 5f28 | 4983 fb00 | 0f84 1400 | 0000 4983 
  0x000002223515d320: eb08 4d89 | 5f28 4d03 | 5f30 4989 | 03e9 a201 | 0000 4881 | ecd0 0000 | 0048 8904 | 2448 894c 
  0x000002223515d340: 2408 4889 | 5424 1048 | 8974 2418 | 4889 7c24 | 204c 8944 | 2428 4c89 | 4c24 304c | 8954 2438 
  0x000002223515d360: 4c89 5c24 | 40c5 fb11 | 4424 50c5 | fb11 4c24 | 58c5 fb11 | 5424 60c5 | fb11 5c24 | 68c5 fb11 
  0x000002223515d380: 6424 70c5 | fb11 6c24 | 78c5 fb11 | b424 8000 | 0000 c5fb | 11bc 2488 | 0000 00c5 | 7b11 8424 
  0x000002223515d3a0: 9000 0000 | c57b 118c | 2498 0000 | 00c5 7b11 | 9424 a000 | 0000 c57b | 119c 24a8 | 0000 00c5 
  0x000002223515d3c0: 7b11 a424 | b000 0000 | c57b 11ac | 24b8 0000 | 00c5 7b11 | b424 c000 | 0000 c57b | 11bc 24c8 
  0x000002223515d3e0: 0000 0049 | 8bd7 488b | c848 83ec | 2040 f6c4 | 0f0f 8419 | 0000 0048 | 83ec 0848 | b8e0 07f9 
  0x000002223515d400: 07fa 7f00 | 00ff d048 | 83c4 08e9 | 0c00 0000 | 48b8 e007 | f907 fa7f | 0000 ffd0 | 4883 c420 
  0x000002223515d420: c57b 10bc | 24c8 0000 | 00c5 7b10 | b424 c000 | 0000 c57b | 10ac 24b8 | 0000 00c5 | 7b10 a424 
  0x000002223515d440: b000 0000 | c57b 109c | 24a8 0000 | 00c5 7b10 | 9424 a000 | 0000 c57b | 108c 2498 | 0000 00c5 
  0x000002223515d460: 7b10 8424 | 9000 0000 | c5fb 10bc | 2488 0000 | 00c5 fb10 | b424 8000 | 0000 c5fb | 106c 2478 
  0x000002223515d480: c5fb 1064 | 2470 c5fb | 105c 2468 | c5fb 1054 | 2460 c5fb | 104c 2458 | c5fb 1044 | 2450 4c8b 
  0x000002223515d4a0: 5c24 404c | 8b54 2438 | 4c8b 4c24 | 304c 8b44 | 2428 488b | 7c24 2048 | 8b74 2418 | 488b 5424 
  0x000002223515d4c0: 1048 8b4c | 2408 488b | 0424 4881 | c4d0 0000 | 00c5 f877 | 4889 4510 | 4883 ec10 | 4889 0424 
  0x000002223515d4e0: 48c7 4424 | 0800 0000 | 0041 83bf | c804 0000 | 020f 85bf | 0000 0048 | 81ec 8000 | 0000 4889 
  0x000002223515d500: 4424 7848 | 894c 2470 | 4889 5424 | 6848 895c | 2460 4889 | 6c24 5048 | 8974 2448 | 4889 7c24 
  0x000002223515d520: 404c 8944 | 2438 4c89 | 4c24 304c | 8954 2428 | 4c89 5c24 | 204c 8964 | 2418 4c89 | 6c24 104c 
  0x000002223515d540: 8974 2408 | 4c89 3c24 | 4c8b e448 | 83ec 2048 | 83e4 f048 | b8c0 223c | 08fa 7f00 | 00ff d049 
  0x000002223515d560: 8be4 4c8b | 3c24 4c8b | 7424 084c | 8b6c 2410 | 4c8b 6424 | 184c 8b5c | 2420 4c8b | 5424 284c 
  0x000002223515d580: 8b4c 2430 | 4c8b 4424 | 3848 8b7c | 2440 488b | 7424 4848 | 8b6c 2450 | 488b 5c24 | 6048 8b54 
  0x000002223515d5a0: 2468 488b | 4c24 7048 | 8b44 2478 | 4881 c480 | 0000 004d | 33e4 488b | 5de8 4c8b | 6b08 4d8d 
  0x000002223515d5c0: 6d38 4983 | 7f08 000f | 84bb 0000 | 00e8 0500 | 0000 e996 | 0000 0048 | 8d44 2408 | 4c89 6dc0 
  0x000002223515d5e0: 498b cfc5 | f877 4989 | afb0 0300 | 0049 8987 | a003 0000 | 4883 ec20 | 40f6 c40f | 0f84 1900 
  0x000002223515d600: 0000 4883 | ec08 48b8 | 006c 0408 | fa7f 0000 | ffd0 4883 | c408 e90c | 0000 0048 | b800 6c04 
  0x000002223515d620: 08fa 7f00 | 00ff d048 | 83c4 2049 | c787 a003 | 0000 0000 | 0000 49c7 | 87b0 0300 | 0000 0000 
  0x000002223515d640: 0049 c787 | a803 0000 | 0000 0000 | c5f8 7749 | 837f 0800 | 0f84 0500 | 0000 e961 | 38ff ff4c 
  0x000002223515d660: 8b6d c04c | 8b75 c84e | 8d74 f500 | c348 b940 | d563 08fa | 7f00 0048 | 83e4 f048 | b870 4a2a 
  0x000002223515d680: 08fa 7f00 | 00ff d0f4 | 448b 5b28 | 41f6 c320 | 0f84 7901 | 0000 488d | 55a8 4c8b | 5a08 4d85 
  0x000002223515d6a0: db0f 85bb | 0000 00e8 | 0500 0000 | e996 0000 | 0048 8d44 | 2408 4c89 | 6dc0 498b | cfc5 f877 
  0x000002223515d6c0: 4989 afb0 | 0300 0049 | 8987 a003 | 0000 4883 | ec20 40f6 | c40f 0f84 | 1900 0000 | 4883 ec08 
  0x000002223515d6e0: 48b8 306b | 0408 fa7f | 0000 ffd0 | 4883 c408 | e90c 0000 | 0048 b830 | 6b04 08fa | 7f00 00ff 
  0x000002223515d700: d048 83c4 | 2049 c787 | a003 0000 | 0000 0000 | 49c7 87b0 | 0300 0000 | 0000 0049 | c787 a803 
  0x000002223515d720: 0000 0000 | 0000 c5f8 | 7749 837f | 0800 0f84 | 0500 0000 | e987 37ff | ff4c 8b6d | c04c 8b75 
  0x000002223515d740: c84e 8d74 | f500 c348 | b940 d563 | 08fa 7f00 | 0048 83e4 | f048 b870 | 4a2a 08fa | 7f00 00ff 
  0x000002223515d760: d0f4 4c89 | 6dc0 4c8b | 4a08 48c7 | 4208 0000 | 0000 458b | 8718 0600 | 004f 3b4c | 07f8 0f85 
  0x000002223515d780: 4900 0000 | 4183 af18 | 0600 0008 | 4f3b 4c07 | f00f 842a | 0000 0049 | 8b01 a802 | 0f85 1200 
  0x000002223515d7a0: 0000 4c8b | c049 83c8 | 01f0 4d0f | b101 0f84 | 0d00 0000 | 4183 8718 | 0600 0008 | e90c 0000 
  0x000002223515d7c0: 0049 ff8f | 5005 0000 | e93e 0000 | 004c 894a | 0848 8bca | 4883 ec20 | 40f6 c40f | 0f84 1900 
  0x000002223515d7e0: 0000 4883 | ec08 48b8 | f03d 0408 | fa7f 0000 | ffd0 4883 | c408 e90c | 0000 0048 | b8f0 3d04 
  0x000002223515d800: 08fa 7f00 | 00ff d048 | 83c4 204c | 8b6d c049 | ba41 ad8b | 08fa 7f00 | 0041 803a | 000f 843e 
  0x000002223515d820: 0000 0048 | 8b55 e849 | 8bcf 4883 | ec20 40f6 | c40f 0f84 | 1900 0000 | 4883 ec08 | 48b8 10ee 
  0x000002223515d840: 3b08 fa7f | 0000 ffd0 | 4883 c408 | e90c 0000 | 0048 b810 | ee3b 08fa | 7f00 00ff | d048 83c4 
  0x000002223515d860: 2048 8b04 | 2448 83c4 | 10c5 fb10 | 0424 4883 | c410 4c8b | 5d18 41ff | d34c 8b5d | f8c9 5f49 
  0x000002223515d880: 8be3 ffe7 | ba00 0000 | 00e8 0500 | 0000 e996 | 0000 0048 | 8d44 2408 | 4c89 6dc0 | 498b cfc5 
  0x000002223515d8a0: f877 4989 | afb0 0300 | 0049 8987 | a003 0000 | 4883 ec20 | 40f6 c40f | 0f84 1900 | 0000 4883 
  0x000002223515d8c0: ec08 48b8 | a031 0408 | fa7f 0000 | ffd0 4883 | c408 e90c | 0000 0048 | b8a0 3104 | 08fa 7f00 
  0x000002223515d8e0: 00ff d048 | 83c4 2049 | c787 a003 | 0000 0000 | 0000 49c7 | 87b0 0300 | 0000 0000 | 0049 c787 
  0x000002223515d900: a803 0000 | 0000 0000 | c5f8 7749 | 837f 0800 | 0f84 0500 | 0000 e9a5 | 35ff ff4c | 8b6d c04c 
  0x000002223515d920: 8b75 c84e | 8d74 f500 | c348 8b5d | e8e9 26f6 | ffff 660f | 1f44 0000 
[/MachCode]

---------------  P R O C E S S  ---------------

Threads class SMR info:
_java_thread_list=0x000002228950a5a0, length=17, elements={
0x0000022242b1cb70, 0x0000022242b1dfa0, 0x0000022242b21810, 0x0000022242b24380,
0x0000022242b2cdf0, 0x0000022242b305a0, 0x0000022242b39340, 0x0000022242b3de30,
0x0000022242c86100, 0x0000022242c84030, 0x0000022242c86790, 0x0000022242c846c0,
0x0000022242c85a70, 0x0000022242c84d50, 0x0000022242c86e20, 0x0000022242c853e0,
0x000002228a6cb100
}

Java Threads: ( => current thread )
  0x0000022242b1cb70 JavaThread "Reference Handler"          daemon [_thread_blocked, id=12820, stack(0x000000f773600000,0x000000f773700000) (1024K)]
  0x0000022242b1dfa0 JavaThread "Finalizer"                  daemon [_thread_blocked, id=7656, stack(0x000000f773700000,0x000000f773800000) (1024K)]
  0x0000022242b21810 JavaThread "Signal Dispatcher"          daemon [_thread_blocked, id=6364, stack(0x000000f773800000,0x000000f773900000) (1024K)]
  0x0000022242b24380 JavaThread "Attach Listener"            daemon [_thread_blocked, id=6980, stack(0x000000f773900000,0x000000f773a00000) (1024K)]
  0x0000022242b2cdf0 JavaThread "Service Thread"             daemon [_thread_blocked, id=6728, stack(0x000000f773a00000,0x000000f773b00000) (1024K)]
  0x0000022242b305a0 JavaThread "Monitor Deflation Thread"   daemon [_thread_blocked, id=6796, stack(0x000000f773b00000,0x000000f773c00000) (1024K)]
  0x0000022242b39340 JavaThread "C2 CompilerThread0"         daemon [_thread_blocked, id=12404, stack(0x000000f773c00000,0x000000f773d00000) (1024K)]
  0x0000022242b3de30 JavaThread "C1 CompilerThread0"         daemon [_thread_blocked, id=18456, stack(0x000000f773d00000,0x000000f773e00000) (1024K)]
  0x0000022242c86100 JavaThread "Notification Thread"        daemon [_thread_blocked, id=2876, stack(0x000000f773e00000,0x000000f773f00000) (1024K)]
  0x0000022242c84030 JavaThread "Common-Cleaner"             daemon [_thread_blocked, id=14824, stack(0x000000f773f00000,0x000000f774000000) (1024K)]
  0x0000022242c86790 JavaThread "Java2D Disposer"            daemon [_thread_blocked, id=18196, stack(0x000000f774100000,0x000000f774200000) (1024K)]
  0x0000022242c846c0 JavaThread "AWT-Shutdown"                      [_thread_blocked, id=15532, stack(0x000000f774200000,0x000000f774300000) (1024K)]
=>0x0000022242c85a70 JavaThread "AWT-Windows"                daemon [_thread_in_native, id=3380, stack(0x000000f774300000,0x000000f774400000) (1024K)]
  0x0000022242c84d50 JavaThread "AWT-EventQueue-0"                  [_thread_in_native, id=18900, stack(0x000000f774400000,0x000000f774500000) (1024K)]
  0x0000022242c86e20 JavaThread "DestroyJavaVM"                     [_thread_blocked, id=13536, stack(0x000000f772e00000,0x000000f772f00000) (1024K)]
  0x0000022242c853e0 JavaThread "TimerQueue"                 daemon [_thread_blocked, id=15616, stack(0x000000f774800000,0x000000f774900000) (1024K)]
  0x000002228a6cb100 JavaThread "mysql-cj-abandoned-connection-cleanup" daemon [_thread_blocked, id=19280, stack(0x000000f774000000,0x000000f774100000) (1024K)]
Total: 17

Other Threads:
  0x0000022242b05ef0 VMThread "VM Thread"                           [id=2124, stack(0x000000f773500000,0x000000f773600000) (1024K)]
  0x0000022242af2880 WatcherThread "VM Periodic Task Thread"        [id=15536, stack(0x000000f773400000,0x000000f773500000) (1024K)]
  0x00000222255307a0 WorkerThread "GC Thread#0"                     [id=16172, stack(0x000000f772f00000,0x000000f773000000) (1024K)]
  0x0000022289b000f0 WorkerThread "GC Thread#1"                     [id=13028, stack(0x000000f774a00000,0x000000f774b00000) (1024K)]
  0x0000022289b004a0 WorkerThread "GC Thread#2"                     [id=15000, stack(0x000000f774b00000,0x000000f774c00000) (1024K)]
  0x0000022289b00850 WorkerThread "GC Thread#3"                     [id=16588, stack(0x000000f774c00000,0x000000f774d00000) (1024K)]
  0x0000022225541ac0 ConcurrentGCThread "G1 Main Marker"            [id=1268, stack(0x000000f773000000,0x000000f773100000) (1024K)]
  0x00000222255425d0 WorkerThread "G1 Conc#0"                       [id=19292, stack(0x000000f773100000,0x000000f773200000) (1024K)]
  0x00000222429d10a0 ConcurrentGCThread "G1 Refine#0"               [id=9248, stack(0x000000f773200000,0x000000f773300000) (1024K)]
  0x00000222429d1b30 ConcurrentGCThread "G1 Service"                [id=1520, stack(0x000000f773300000,0x000000f773400000) (1024K)]
Total: 10

Threads with active compile tasks:
Total: 0

VM state: not at safepoint (normal execution)

VM Mutex/Monitor currently owned by a thread: None

Heap address: 0x0000000745400000, size: 2988 MB, Compressed Oops mode: Zero based, Oop shift amount: 3

CDS archive(s) mapped at: [0x0000022243000000-0x0000022243d70000-0x0000022243d70000), size 14090240, SharedBaseAddress: 0x0000022243000000, ArchiveRelocationMode: 1.
Compressed class space mapped at: 0x0000022244000000-0x0000022284000000, reserved size: 1073741824
Narrow klass base: 0x0000022243000000, Narrow klass shift: 0, Narrow klass range: 0x41000000

GC Precious Log:
 CardTable entry size: 512
 Card Set container configuration: InlinePtr #cards 4 size 8 Array Of Cards #cards 16 size 48 Howl #buckets 8 coarsen threshold 3686 Howl Bitmap #cards 512 size 80 coarsen threshold 460 Card regions per heap region 1 cards per card region 4096
 CPUs: 4 total, 4 available
 Memory: 11947M
 Large Page Support: Disabled
 NUMA Support: Disabled
 Compressed Oops: Enabled (Zero based)
 Heap Region Size: 2M
 Heap Min Capacity: 8M
 Heap Initial Capacity: 188M
 Heap Max Capacity: 2988M
 Pre-touch: Disabled
 Parallel Workers: 4
 Concurrent Workers: 1
 Concurrent Refinement Workers: 4
 Periodic GC: Disabled

Heap:
 garbage-first heap   total reserved 3059712K, committed 61440K, used 22575K [0x0000000745400000, 0x0000000800000000)
  region size 2048K, 4 young (8192K), 1 survivors (2048K)
 Metaspace       used 24609K, committed 24896K, reserved 1114112K
  class space    used 2739K, committed 2880K, reserved 1048576K

Heap Regions: E=young(eden), S=young(survivor), O=old, HS=humongous(starts), HC=humongous(continues), CS=collection set, F=free, TAMS=top-at-mark-start, PB=parsable bottom
|   0|0x0000000745400000, 0x0000000745400000, 0x0000000745600000|  0%| F|  |TAMS 0x0000000745400000| PB 0x0000000745400000| Untracked |  0
|   1|0x0000000745600000, 0x0000000745800000, 0x0000000745800000|100%| O|  |TAMS 0x0000000745600000| PB 0x0000000745600000| Untracked |  0
|   2|0x0000000745800000, 0x0000000745a00000, 0x0000000745a00000|100%| O|  |TAMS 0x0000000745800000| PB 0x0000000745800000| Untracked |  0
|   3|0x0000000745a00000, 0x0000000745c00000, 0x0000000745c00000|100%| O|  |TAMS 0x0000000745a00000| PB 0x0000000745a00000| Untracked |  0
|   4|0x0000000745c00000, 0x0000000745e00000, 0x0000000745e00000|100%|HS|  |TAMS 0x0000000745c00000| PB 0x0000000745c00000| Complete |  0
|   5|0x0000000745e00000, 0x0000000746000000, 0x0000000746000000|100%|HC|  |TAMS 0x0000000745e00000| PB 0x0000000745e00000| Complete |  0
|   6|0x0000000746000000, 0x0000000746200000, 0x0000000746200000|100%|HC|  |TAMS 0x0000000746000000| PB 0x0000000746000000| Complete |  0
|   7|0x0000000746200000, 0x0000000746400000, 0x0000000746400000|100%|HC|  |TAMS 0x0000000746200000| PB 0x0000000746200000| Complete |  0
|   8|0x0000000746400000, 0x00000007465f59c8, 0x0000000746600000| 97%| O|  |TAMS 0x0000000746400000| PB 0x0000000746400000| Untracked |  0
|   9|0x0000000746600000, 0x00000007467937c0, 0x0000000746800000| 78%| O|  |TAMS 0x0000000746600000| PB 0x0000000746600000| Untracked |  0
|  10|0x0000000746800000, 0x0000000746800000, 0x0000000746a00000|  0%| F|  |TAMS 0x0000000746800000| PB 0x0000000746800000| Untracked |  0
|  11|0x0000000746a00000, 0x0000000746a00000, 0x0000000746c00000|  0%| F|  |TAMS 0x0000000746a00000| PB 0x0000000746a00000| Untracked |  0
|  12|0x0000000746c00000, 0x0000000746c00000, 0x0000000746e00000|  0%| F|  |TAMS 0x0000000746c00000| PB 0x0000000746c00000| Untracked |  0
|  13|0x0000000746e00000, 0x0000000746e82c60, 0x0000000747000000| 25%| S|CS|TAMS 0x0000000746e00000| PB 0x0000000746e00000| Complete |  0
|  14|0x0000000747000000, 0x0000000747000000, 0x0000000747200000|  0%| F|  |TAMS 0x0000000747000000| PB 0x0000000747000000| Untracked |  0
|  15|0x0000000747200000, 0x0000000747200000, 0x0000000747400000|  0%| F|  |TAMS 0x0000000747200000| PB 0x0000000747200000| Untracked |  0
|  16|0x0000000747400000, 0x0000000747400000, 0x0000000747600000|  0%| F|  |TAMS 0x0000000747400000| PB 0x0000000747400000| Untracked |  0
|  17|0x0000000747600000, 0x0000000747600000, 0x0000000747800000|  0%| F|  |TAMS 0x0000000747600000| PB 0x0000000747600000| Untracked |  0
|  18|0x0000000747800000, 0x0000000747800000, 0x0000000747a00000|  0%| F|  |TAMS 0x0000000747800000| PB 0x0000000747800000| Untracked |  0
|  19|0x0000000747a00000, 0x0000000747a00000, 0x0000000747c00000|  0%| F|  |TAMS 0x0000000747a00000| PB 0x0000000747a00000| Untracked |  0
|  20|0x0000000747c00000, 0x0000000747c00000, 0x0000000747e00000|  0%| F|  |TAMS 0x0000000747c00000| PB 0x0000000747c00000| Untracked |  0
|  21|0x0000000747e00000, 0x0000000747e00000, 0x0000000748000000|  0%| F|  |TAMS 0x0000000747e00000| PB 0x0000000747e00000| Untracked |  0
|  22|0x0000000748000000, 0x0000000748000000, 0x0000000748200000|  0%| F|  |TAMS 0x0000000748000000| PB 0x0000000748000000| Untracked |  0
|  23|0x0000000748200000, 0x0000000748200000, 0x0000000748400000|  0%| F|  |TAMS 0x0000000748200000| PB 0x0000000748200000| Untracked |  0
|  24|0x0000000748400000, 0x0000000748400000, 0x0000000748600000|  0%| F|  |TAMS 0x0000000748400000| PB 0x0000000748400000| Untracked |  0
|  25|0x0000000748600000, 0x0000000748600000, 0x0000000748800000|  0%| F|  |TAMS 0x0000000748600000| PB 0x0000000748600000| Untracked |  0
|  26|0x0000000748800000, 0x0000000748800000, 0x0000000748a00000|  0%| F|  |TAMS 0x0000000748800000| PB 0x0000000748800000| Untracked |  0
|  84|0x000000074fc00000, 0x000000074fd5bb68, 0x000000074fe00000| 67%| E|  |TAMS 0x000000074fc00000| PB 0x000000074fc00000| Complete |  0
|  85|0x000000074fe00000, 0x0000000750000000, 0x0000000750000000|100%| E|CS|TAMS 0x000000074fe00000| PB 0x000000074fe00000| Complete |  0
|  93|0x0000000750e00000, 0x0000000751000000, 0x0000000751000000|100%| E|CS|TAMS 0x0000000750e00000| PB 0x0000000750e00000| Complete |  0

Card table byte_map: [0x000002223d200000,0x000002223d7e0000] _byte_map_base: 0x00000222397d6000

Marking Bits: (CMBitMap*) 0x0000022225530eb0
 Bits: [0x000002223d7e0000, 0x0000022240690000)

Polling page: 0x0000022223290000

Metaspace:

Usage:
  Non-class:     21.36 MB used.
      Class:      2.68 MB used.
       Both:     24.03 MB used.

Virtual space:
  Non-class space:       64.00 MB reserved,      21.50 MB ( 34%) committed,  1 nodes.
      Class space:        1.00 GB reserved,       2.81 MB ( <1%) committed,  1 nodes.
             Both:        1.06 GB reserved,      24.31 MB (  2%) committed. 

Chunk freelists:
   Non-Class:  10.35 MB
       Class:  13.13 MB
        Both:  23.47 MB

MaxMetaspaceSize: unlimited
CompressedClassSpaceSize: 1.00 GB
Initial GC threshold: 21.00 MB
Current GC threshold: 35.44 MB
CDS: on
 - commit_granule_bytes: 65536.
 - commit_granule_words: 8192.
 - virtual_space_node_default_size: 8388608.
 - enlarge_chunks_in_place: 1.
 - use_allocation_guard: 0.


Internal statistics:

num_allocs_failed_limit: 3.
num_arena_births: 220.
num_arena_deaths: 0.
num_vsnodes_births: 2.
num_vsnodes_deaths: 0.
num_space_committed: 389.
num_space_uncommitted: 0.
num_chunks_returned_to_freelist: 3.
num_chunks_taken_from_freelist: 454.
num_chunk_merges: 3.
num_chunk_splits: 278.
num_chunks_enlarged: 159.
num_inconsistent_stats: 0.

CodeHeap 'non-profiled nmethods': size=120064Kb used=2474Kb max_used=2474Kb free=117589Kb
 bounds [0x00000222356e0000, 0x0000022235950000, 0x000002223cc20000]
CodeHeap 'profiled nmethods': size=120000Kb used=8825Kb max_used=8825Kb free=111174Kb
 bounds [0x000002222dc20000, 0x000002222e4c0000, 0x0000022235150000]
CodeHeap 'non-nmethods': size=5696Kb used=1787Kb max_used=1836Kb free=3908Kb
 bounds [0x0000022235150000, 0x00000222353c0000, 0x00000222356e0000]
CodeCache: size=245760Kb, used=13086Kb, max_used=13135Kb, free=232671Kb
 total_blobs=6472, nmethods=5644, adapters=733, full_count=0
Compilation: enabled, stopped_count=0, restarted_count=0

Compilation events (20 events):
Event: 10041.257 Thread 0x0000022242b3de30 5637       3       java.lang.invoke.Invokers$Holder::invokeExact_MT (32 bytes)
Event: 10041.258 Thread 0x0000022242b3de30 nmethod 5637 0x000002222e4b3888 code [0x000002222e4b3a00, 0x000002222e4b42c8]
Event: 10041.266 Thread 0x0000022242b3de30 5638       3       java.lang.invoke.LambdaMetafactory::metafactory (71 bytes)
Event: 10041.267 Thread 0x0000022242b3de30 nmethod 5638 0x000002222e4b4308 code [0x000002222e4b4500, 0x000002222e4b4fe0]
Event: 10041.267 Thread 0x0000022242b3de30 5639       3       java.lang.invoke.InnerClassLambdaMetafactory::<init> (277 bytes)
Event: 10041.269 Thread 0x0000022242b3de30 nmethod 5639 0x000002222e4b5008 code [0x000002222e4b53c0, 0x000002222e4b7330]
Event: 10041.269 Thread 0x0000022242b3de30 5640   !   3       java.lang.invoke.AbstractValidatingLambdaMetafactory::<init> (559 bytes)
Event: 10041.273 Thread 0x0000022242b3de30 nmethod 5640 0x000002222e4b7488 code [0x000002222e4b7a60, 0x000002222e4bae20]
Event: 10041.283 Thread 0x0000022242b3de30 5641       3       java.lang.invoke.InfoFromMemberName::<init> (72 bytes)
Event: 10041.283 Thread 0x0000022242b3de30 nmethod 5641 0x000002222e4baf88 code [0x000002222e4bb0a0, 0x000002222e4bb290]
Event: 10041.283 Thread 0x0000022242b3de30 5642       3       java.lang.invoke.AbstractValidatingLambdaMetafactory::isAdaptableToAsReturn (36 bytes)
Event: 10041.284 Thread 0x0000022242b3de30 nmethod 5642 0x000002222e4bb308 code [0x000002222e4bb460, 0x000002222e4bb8b8]
Event: 10041.284 Thread 0x0000022242b3de30 5643       3       java.lang.invoke.AbstractValidatingLambdaMetafactory::checkDescriptor (133 bytes)
Event: 10041.286 Thread 0x0000022242b3de30 nmethod 5643 0x000002222e4bb908 code [0x000002222e4bbbe0, 0x000002222e4bd3b8]
Event: 10041.286 Thread 0x0000022242b3de30 5644       3       java.lang.invoke.InnerClassLambdaMetafactory::spinInnerClass (124 bytes)
Event: 10041.286 Thread 0x0000022242b3de30 nmethod 5644 0x000002222e4bd488 code [0x000002222e4bd5e0, 0x000002222e4bd978]
Event: 10041.286 Thread 0x0000022242b3de30 5645       3       java.lang.invoke.LambdaProxyClassArchive::find (47 bytes)
Event: 10041.286 Thread 0x0000022242b3de30 nmethod 5645 0x000002222e4bda08 code [0x000002222e4bdba0, 0x000002222e4be2b8]
Event: 10041.288 Thread 0x0000022242b3de30 5646       3       java.awt.Color::<init> (11 bytes)
Event: 10041.288 Thread 0x0000022242b3de30 nmethod 5646 0x000002222e4be308 code [0x000002222e4be420, 0x000002222e4be560]

GC Heap History (18 events):
Event: 3.020 GC heap before
{Heap before GC invocations=0 (full 0):
 garbage-first heap   total reserved 3059712K, committed 192512K, used 12288K [0x0000000745400000, 0x0000000800000000)
  region size 2048K, 7 young (14336K), 0 survivors (0K)
 Metaspace       used 10421K, committed 10688K, reserved 1114112K
  class space    used 1212K, committed 1344K, reserved 1048576K
}
Event: 3.026 GC heap after
{Heap after GC invocations=1 (full 0):
 garbage-first heap   total reserved 3059712K, committed 192512K, used 5802K [0x0000000745400000, 0x0000000800000000)
  region size 2048K, 1 young (2048K), 1 survivors (2048K)
 Metaspace       used 10421K, committed 10688K, reserved 1114112K
  class space    used 1212K, committed 1344K, reserved 1048576K
}
Event: 12.799 GC heap before
{Heap before GC invocations=1 (full 0):
 garbage-first heap   total reserved 3059712K, committed 192512K, used 28330K [0x0000000745400000, 0x0000000800000000)
  region size 2048K, 6 young (12288K), 1 survivors (2048K)
 Metaspace       used 15058K, committed 15360K, reserved 1114112K
  class space    used 1778K, committed 1920K, reserved 1048576K
}
Event: 12.803 GC heap after
{Heap after GC invocations=2 (full 0):
 garbage-first heap   total reserved 3059712K, committed 192512K, used 20136K [0x0000000745400000, 0x0000000800000000)
  region size 2048K, 1 young (2048K), 1 survivors (2048K)
 Metaspace       used 15058K, committed 15360K, reserved 1114112K
  class space    used 1778K, committed 1920K, reserved 1048576K
}
Event: 17.909 GC heap before
{Heap before GC invocations=2 (full 0):
 garbage-first heap   total reserved 3059712K, committed 192512K, used 30376K [0x0000000745400000, 0x0000000800000000)
  region size 2048K, 8 young (16384K), 1 survivors (2048K)
 Metaspace       used 21328K, committed 21504K, reserved 1114112K
  class space    used 2503K, committed 2560K, reserved 1048576K
}
Event: 17.922 GC heap after
{Heap after GC invocations=3 (full 0):
 garbage-first heap   total reserved 3059712K, committed 192512K, used 18390K [0x0000000745400000, 0x0000000800000000)
  region size 2048K, 2 young (4096K), 2 survivors (4096K)
 Metaspace       used 21328K, committed 21504K, reserved 1114112K
  class space    used 2503K, committed 2560K, reserved 1048576K
}
Event: 111.540 GC heap before
{Heap before GC invocations=4 (full 0):
 garbage-first heap   total reserved 3059712K, committed 61440K, used 51158K [0x0000000745400000, 0x0000000800000000)
  region size 2048K, 18 young (36864K), 2 survivors (4096K)
 Metaspace       used 24275K, committed 24512K, reserved 1114112K
  class space    used 2736K, committed 2816K, reserved 1048576K
}
Event: 111.554 GC heap after
{Heap after GC invocations=5 (full 0):
 garbage-first heap   total reserved 3059712K, committed 61440K, used 19861K [0x0000000745400000, 0x0000000800000000)
  region size 2048K, 2 young (4096K), 2 survivors (4096K)
 Metaspace       used 24275K, committed 24512K, reserved 1114112K
  class space    used 2736K, committed 2816K, reserved 1048576K
}
Event: 169.939 GC heap before
{Heap before GC invocations=5 (full 0):
 garbage-first heap   total reserved 3059712K, committed 61440K, used 42389K [0x0000000745400000, 0x0000000800000000)
  region size 2048K, 13 young (26624K), 2 survivors (4096K)
 Metaspace       used 24543K, committed 24768K, reserved 1114112K
  class space    used 2738K, committed 2816K, reserved 1048576K
}
Event: 169.953 GC heap after
{Heap after GC invocations=6 (full 0):
 garbage-first heap   total reserved 3059712K, committed 61440K, used 19606K [0x0000000745400000, 0x0000000800000000)
  region size 2048K, 1 young (2048K), 1 survivors (2048K)
 Metaspace       used 24543K, committed 24768K, reserved 1114112K
  class space    used 2738K, committed 2816K, reserved 1048576K
}
Event: 2204.135 GC heap before
{Heap before GC invocations=6 (full 0):
 garbage-first heap   total reserved 3059712K, committed 61440K, used 44182K [0x0000000745400000, 0x0000000800000000)
  region size 2048K, 13 young (26624K), 1 survivors (2048K)
 Metaspace       used 24572K, committed 24768K, reserved 1114112K
  class space    used 2738K, committed 2816K, reserved 1048576K
}
Event: 2204.139 GC heap after
{Heap after GC invocations=7 (full 0):
 garbage-first heap   total reserved 3059712K, committed 61440K, used 18916K [0x0000000745400000, 0x0000000800000000)
  region size 2048K, 1 young (2048K), 1 survivors (2048K)
 Metaspace       used 24572K, committed 24768K, reserved 1114112K
  class space    used 2738K, committed 2816K, reserved 1048576K
}
Event: 4500.889 GC heap before
{Heap before GC invocations=7 (full 0):
 garbage-first heap   total reserved 3059712K, committed 61440K, used 45540K [0x0000000745400000, 0x0000000800000000)
  region size 2048K, 14 young (28672K), 1 survivors (2048K)
 Metaspace       used 24577K, committed 24832K, reserved 1114112K
  class space    used 2738K, committed 2816K, reserved 1048576K
}
Event: 4500.893 GC heap after
{Heap after GC invocations=8 (full 0):
 garbage-first heap   total reserved 3059712K, committed 61440K, used 18835K [0x0000000745400000, 0x0000000800000000)
  region size 2048K, 1 young (2048K), 1 survivors (2048K)
 Metaspace       used 24577K, committed 24832K, reserved 1114112K
  class space    used 2738K, committed 2816K, reserved 1048576K
}
Event: 6973.838 GC heap before
{Heap before GC invocations=8 (full 0):
 garbage-first heap   total reserved 3059712K, committed 61440K, used 47507K [0x0000000745400000, 0x0000000800000000)
  region size 2048K, 15 young (30720K), 1 survivors (2048K)
 Metaspace       used 24577K, committed 24832K, reserved 1114112K
  class space    used 2738K, committed 2816K, reserved 1048576K
}
Event: 6973.841 GC heap after
{Heap after GC invocations=9 (full 0):
 garbage-first heap   total reserved 3059712K, committed 61440K, used 18523K [0x0000000745400000, 0x0000000800000000)
  region size 2048K, 1 young (2048K), 1 survivors (2048K)
 Metaspace       used 24577K, committed 24832K, reserved 1114112K
  class space    used 2738K, committed 2816K, reserved 1048576K
}
Event: 9621.991 GC heap before
{Heap before GC invocations=9 (full 0):
 garbage-first heap   total reserved 3059712K, committed 61440K, used 49243K [0x0000000745400000, 0x0000000800000000)
  region size 2048K, 16 young (32768K), 1 survivors (2048K)
 Metaspace       used 24581K, committed 24896K, reserved 1114112K
  class space    used 2738K, committed 2880K, reserved 1048576K
}
Event: 9621.996 GC heap after
{Heap after GC invocations=10 (full 0):
 garbage-first heap   total reserved 3059712K, committed 61440K, used 18479K [0x0000000745400000, 0x0000000800000000)
  region size 2048K, 1 young (2048K), 1 survivors (2048K)
 Metaspace       used 24581K, committed 24896K, reserved 1114112K
  class space    used 2738K, committed 2880K, reserved 1048576K
}

Dll operation events (12 events):
Event: 0.007 Loaded shared library C:\Program Files\Java\jdk-23\bin\java.dll
Event: 0.037 Loaded shared library C:\Program Files\Java\jdk-23\bin\jsvml.dll
Event: 0.061 Loaded shared library C:\Program Files\Java\jdk-23\bin\net.dll
Event: 0.063 Loaded shared library C:\Program Files\Java\jdk-23\bin\nio.dll
Event: 0.066 Loaded shared library C:\Program Files\Java\jdk-23\bin\zip.dll
Event: 0.105 Loaded shared library C:\Program Files\Java\jdk-23\bin\jimage.dll
Event: 0.122 Loaded shared library C:\Program Files\Java\jdk-23\bin\awt.dll
Event: 0.249 Loaded shared library C:\Program Files\Java\jdk-23\bin\freetype.dll
Event: 0.250 Loaded shared library C:\Program Files\Java\jdk-23\bin\fontmanager.dll
Event: 8.769 Loaded shared library C:\Program Files\Java\jdk-23\bin\verify.dll
Event: 12.850 Loaded shared library C:\Program Files\Java\jdk-23\bin\extnet.dll
Event: 17.811 Loaded shared library C:\Program Files\Java\jdk-23\bin\sunmscapi.dll

Deoptimization events (20 events):
Event: 170.649 Thread 0x0000022242c85a70 Uncommon trap: trap_request=0xffffff45 fr.pc=0x0000022235921028 relative=0x0000000000000fa8
Event: 170.649 Thread 0x0000022242c85a70 Uncommon trap: reason=unstable_if action=reinterpret pc=0x0000022235921028 method=sun.awt.SunToolkit.postEvent(Lsun/awt/AppContext;Ljava/awt/AWTEvent;)V @ 27 c2
Event: 170.649 Thread 0x0000022242c85a70 DEOPT PACKING pc=0x0000022235921028 sp=0x000000f7743fc8d0
Event: 170.649 Thread 0x0000022242c85a70 DEOPT UNPACKING pc=0x00000222351a4402 sp=0x000000f7743fc898 mode 2
Event: 170.649 Thread 0x0000022242c84d50 Uncommon trap: trap_request=0xffffffde fr.pc=0x0000022235866088 relative=0x0000000000000c68
Event: 170.649 Thread 0x0000022242c84d50 Uncommon trap: reason=class_check action=maybe_recompile pc=0x0000022235866088 method=java.awt.EventQueue.dispatchEventImpl(Ljava/awt/AWTEvent;Ljava/lang/Object;)V @ 18 c2
Event: 170.649 Thread 0x0000022242c84d50 DEOPT PACKING pc=0x0000022235866088 sp=0x000000f7744ff300
Event: 170.649 Thread 0x0000022242c84d50 DEOPT UNPACKING pc=0x00000222351a4402 sp=0x000000f7744ff218 mode 2
Event: 170.650 Thread 0x0000022242c84d50 Uncommon trap: trap_request=0xffffffde fr.pc=0x0000022235864b30 relative=0x0000000000001e50
Event: 170.650 Thread 0x0000022242c84d50 Uncommon trap: reason=class_check action=maybe_recompile pc=0x0000022235864b30 method=java.awt.EventQueue.dispatchEventImpl(Ljava/awt/AWTEvent;Ljava/lang/Object;)V @ 18 c2
Event: 170.650 Thread 0x0000022242c84d50 DEOPT PACKING pc=0x0000022235864b30 sp=0x000000f7744ff510
Event: 170.650 Thread 0x0000022242c84d50 DEOPT UNPACKING pc=0x00000222351a4402 sp=0x000000f7744ff248 mode 2
Event: 170.650 Thread 0x0000022242c84d50 Uncommon trap: trap_request=0xffffffde fr.pc=0x0000022235864b30 relative=0x0000000000001e50
Event: 170.650 Thread 0x0000022242c84d50 Uncommon trap: reason=class_check action=maybe_recompile pc=0x0000022235864b30 method=java.awt.EventQueue.dispatchEventImpl(Ljava/awt/AWTEvent;Ljava/lang/Object;)V @ 18 c2
Event: 170.650 Thread 0x0000022242c84d50 DEOPT PACKING pc=0x0000022235864b30 sp=0x000000f7744ff510
Event: 170.650 Thread 0x0000022242c84d50 DEOPT UNPACKING pc=0x00000222351a4402 sp=0x000000f7744ff248 mode 2
Event: 4700.879 Thread 0x0000022242c84d50 DEOPT PACKING pc=0x000002222e4ad58e sp=0x000000f7744ff5f0
Event: 4700.879 Thread 0x0000022242c84d50 DEOPT UNPACKING pc=0x00000222351a4b22 sp=0x000000f7744feb08 mode 0
Event: 5118.487 Thread 0x0000022242c853e0 DEOPT PACKING pc=0x000002222e4aeeca sp=0x000000f7748ff380
Event: 5118.487 Thread 0x0000022242c853e0 DEOPT UNPACKING pc=0x00000222351a4b22 sp=0x000000f7748fe890 mode 0

Classes loaded (20 events):
Event: 22.110 Loading class sun/text/CompactByteArray
Event: 22.110 Loading class sun/text/CompactByteArray done
Event: 22.111 Loading class sun/text/SupplementaryCharacterData
Event: 22.111 Loading class sun/text/SupplementaryCharacterData done
Event: 22.111 Loading class java/text/BreakIterator$BreakIteratorCache
Event: 22.111 Loading class java/text/BreakIterator$BreakIteratorCache done
Event: 22.112 Loading class com/sun/java/swing/plaf/windows/WindowsTextUI
Event: 22.112 Loading class com/sun/java/swing/plaf/windows/WindowsTextUI done
Event: 22.112 Loading class com/sun/java/swing/plaf/windows/WindowsTextUI$WindowsHighlightPainter
Event: 22.112 Loading class com/sun/java/swing/plaf/windows/WindowsTextUI$WindowsHighlightPainter done
Event: 22.112 Loading class javax/swing/text/DefaultHighlighter$LayeredHighlightInfo
Event: 22.112 Loading class javax/swing/text/DefaultHighlighter$HighlightInfo
Event: 22.112 Loading class javax/swing/text/DefaultHighlighter$HighlightInfo done
Event: 22.112 Loading class javax/swing/text/DefaultHighlighter$LayeredHighlightInfo done
Event: 66.142 Loading class java/security/DomainCombiner
Event: 66.142 Loading class java/security/DomainCombiner done
Event: 95.271 Loading class sun/awt/SunToolkit$1
Event: 95.271 Loading class sun/awt/SunToolkit$1 done
Event: 120.454 Loading class java/lang/foreign/MemorySegment
Event: 120.454 Loading class java/lang/foreign/MemorySegment done

Classes unloaded (0 events):
No events

Classes redefined (0 events):
No events

Internal exceptions (20 events):
Event: 0.290 Thread 0x00000222233090c0 Exception <a 'java/lang/ClassNotFoundException'{0x00000007508171a0}: com/sun/swing/internal/plaf/metal/resources/spi/metalProvider> (0x00000007508171a0) 
thrown [s\open\src\hotspot\share\classfile\systemDictionary.cpp, line 313]
Event: 0.291 Thread 0x00000222233090c0 Exception <a 'java/lang/ClassNotFoundException'{0x000000075081aeb0}: com/sun/swing/internal/plaf/basic/resources/spi/basicProvider> (0x000000075081aeb0) 
thrown [s\open\src\hotspot\share\classfile\systemDictionary.cpp, line 313]
Event: 0.323 Thread 0x0000022242c84d50 Exception <a 'java/lang/ClassNotFoundException'{0x00000007508a6498}: com/sun/swing/internal/plaf/synth/resources/spi/synthProvider> (0x00000007508a6498) 
thrown [s\open\src\hotspot\share\classfile\systemDictionary.cpp, line 313]
Event: 0.339 Thread 0x0000022242c84d50 Exception <a 'java/lang/NoSuchMethodError'{0x0000000750932318}: 'int java.lang.invoke.Invokers$Holder.invokeExact_MT(java.lang.Object, java.lang.Object)'> (0x0000000750932318) 
thrown [s\open\src\hotspot\share\interpreter\linkResolver.cpp, line 796]
Event: 0.347 Thread 0x0000022242c84d50 Exception <a 'java/lang/NoSuchMethodError'{0x000000075093ea68}: 'java.lang.Object java.lang.invoke.DirectMethodHandle$Holder.newInvokeSpecial(java.lang.Object, java.lang.Object, int)'> (0x000000075093ea68) 
thrown [s\open\src\hotspot\share\interpreter\linkResolver.cpp, line 796]
Event: 0.349 Thread 0x0000022242c84d50 Exception <a 'java/lang/NoSuchMethodError'{0x0000000750952da0}: 'java.lang.Object java.lang.invoke.DirectMethodHandle$Holder.invokeStatic(java.lang.Object, java.lang.Object, java.lang.Object, java.lang.Object, int)'> (0x0000000750952da0) 
thrown [s\open\src\hotspot\share\interpreter\linkResolver.cpp, line 796]
Event: 0.350 Thread 0x0000022242c84d50 Exception <a 'java/lang/NoSuchMethodError'{0x000000075095e908}: 'int java.lang.invoke.DirectMethodHandle$Holder.invokeSpecial(java.lang.Object, java.lang.Object, java.lang.Object)'> (0x000000075095e908) 
thrown [s\open\src\hotspot\share\interpreter\linkResolver.cpp, line 796]
Event: 0.426 Thread 0x0000022242c874b0 Exception <a 'java/lang/NoSuchMethodError'{0x00000007507599b8}: 'java.lang.Object java.lang.invoke.DirectMethodHandle$Holder.newInvokeSpecial(java.lang.Object, java.lang.Object, java.lang.Object, int, int, int, int, int)'> (0x00000007507599b8) 
thrown [s\open\src\hotspot\share\interpreter\linkResolver.cpp, line 796]
Event: 0.440 Thread 0x0000022242c85a70 Exception <a 'java/lang/NoSuchMethodError'{0x0000000750a9dd20}: 'void java.lang.invoke.DirectMethodHandle$Holder.invokeVirtual(java.lang.Object, java.lang.Object)'> (0x0000000750a9dd20) 
thrown [s\open\src\hotspot\share\interpreter\linkResolver.cpp, line 796]
Event: 0.456 Thread 0x0000022242c84d50 Exception <a 'java/lang/NoSuchMethodError'{0x00000007507bbb38}: 'void java.lang.invoke.DirectMethodHandle$Holder.invokeStaticInit(java.lang.Object)'> (0x00000007507bbb38) 
thrown [s\open\src\hotspot\share\interpreter\linkResolver.cpp, line 796]
Event: 3.037 Thread 0x0000022242c84d50 Exception <a 'java/lang/NoSuchMethodError'{0x0000000750f4d008}: 'void java.lang.invoke.DirectMethodHandle$Holder.invokeSpecial(java.lang.Object, java.lang.Object, java.lang.Object, java.lang.Object, java.lang.Object)'> (0x0000000750f4d008) 
thrown [s\open\src\hotspot\share\interpreter\linkResolver.cpp, line 796]
Event: 3.774 Thread 0x0000022242c84d50 Exception <a 'java/lang/ClassNotFoundException'{0x0000000750c6d920}: com/sun/java/swing/plaf/windows/resources/spi/windowsProvider> (0x0000000750c6d920) 
thrown [s\open\src\hotspot\share\classfile\systemDictionary.cpp, line 313]
Event: 3.776 Thread 0x0000022242c84d50 Exception <a 'java/lang/NoSuchMethodError'{0x0000000750c770a0}: 'java.lang.Object java.lang.invoke.DirectMethodHandle$Holder.invokeStatic(java.lang.Object, java.lang.Object, int, java.lang.Object)'> (0x0000000750c770a0) 
thrown [s\open\src\hotspot\share\interpreter\linkResolver.cpp, line 796]
Event: 10.308 Thread 0x0000022242c84d50 Exception <a 'java/lang/NoSuchMethodError'{0x00000007508ac758}: 'void java.lang.invoke.DirectMethodHandle$Holder.invokeStatic(java.lang.Object, java.lang.Object)'> (0x00000007508ac758) 
thrown [s\open\src\hotspot\share\interpreter\linkResolver.cpp, line 796]
Event: 12.768 Thread 0x0000022242c84d50 Exception <a 'java/lang/NoSuchMethodError'{0x00000007506da3b8}: 'java.lang.Object java.lang.invoke.DirectMethodHandle$Holder.invokeInterface(java.lang.Object, java.lang.Object)'> (0x00000007506da3b8) 
thrown [s\open\src\hotspot\share\interpreter\linkResolver.cpp, line 796]
Event: 12.788 Thread 0x0000022242c84d50 Exception <a 'java/lang/NoSuchMethodError'{0x0000000750764b68}: 'java.lang.Object java.lang.invoke.DirectMethodHandle$Holder.invokeVirtual(java.lang.Object, java.lang.Object, java.lang.Object)'> (0x0000000750764b68) 
thrown [s\open\src\hotspot\share\interpreter\linkResolver.cpp, line 796]
Event: 17.745 Thread 0x0000022242c84d50 Exception <a 'sun/nio/fs/WindowsException'{0x00000007502d3dd0}> (0x00000007502d3dd0) 
thrown [s\open\src\hotspot\share\prims\jni.cpp, line 520]
Event: 17.777 Thread 0x0000022242c84d50 Exception <a 'java/lang/NoSuchMethodError'{0x000000075037f9c0}: 'java.lang.Object java.lang.invoke.DirectMethodHandle$Holder.invokeStaticInit(java.lang.Object, int, int, int, int)'> (0x000000075037f9c0) 
thrown [s\open\src\hotspot\share\interpreter\linkResolver.cpp, line 796]
Event: 17.791 Thread 0x0000022242c84d50 Exception <a 'java/lang/NoSuchMethodError'{0x00000007503d5028}: 'java.lang.Object java.lang.invoke.DirectMethodHandle$Holder.invokeStaticInit(java.lang.Object, java.lang.Object, int, int, int, int)'> (0x00000007503d5028) 
thrown [s\open\src\hotspot\share\interpreter\linkResolver.cpp, line 796]
Event: 97.195 Thread 0x0000022242c84d50 Implicit null exception at 0x0000022235867a54 to 0x0000022235867ad0

VM Operations (20 events):
Event: 120.177 Executing VM operation: RendezvousGCThreads
Event: 120.177 Executing VM operation: RendezvousGCThreads done
Event: 169.939 Executing VM operation: G1CollectForAllocation (G1 Evacuation Pause)
Event: 169.953 Executing VM operation: G1CollectForAllocation (G1 Evacuation Pause) done
Event: 180.287 Executing VM operation: HandshakeAllThreads (HandshakeForDeflation)
Event: 180.287 Executing VM operation: HandshakeAllThreads (HandshakeForDeflation) done
Event: 180.287 Executing VM operation: RendezvousGCThreads
Event: 180.287 Executing VM operation: RendezvousGCThreads done
Event: 2204.135 Executing VM operation: G1CollectForAllocation (G1 Evacuation Pause)
Event: 2204.139 Executing VM operation: G1CollectForAllocation (G1 Evacuation Pause) done
Event: 4500.889 Executing VM operation: G1CollectForAllocation (G1 Evacuation Pause)
Event: 4500.893 Executing VM operation: G1CollectForAllocation (G1 Evacuation Pause) done
Event: 6973.838 Executing VM operation: G1CollectForAllocation (G1 Evacuation Pause)
Event: 6973.841 Executing VM operation: G1CollectForAllocation (G1 Evacuation Pause) done
Event: 7509.040 Executing VM operation: HandshakeAllThreads (HandshakeForDeflation)
Event: 7509.040 Executing VM operation: HandshakeAllThreads (HandshakeForDeflation) done
Event: 7509.040 Executing VM operation: RendezvousGCThreads
Event: 7509.040 Executing VM operation: RendezvousGCThreads done
Event: 9621.991 Executing VM operation: G1CollectForAllocation (G1 Evacuation Pause)
Event: 9621.996 Executing VM operation: G1CollectForAllocation (G1 Evacuation Pause) done

Memory protections (0 events):
No events

Nmethod flushes (0 events):
No events

Events (20 events):
Event: 0.301 Thread 0x0000022242c86e20 Thread added: 0x0000022242c86e20
Event: 0.349 Thread 0x0000022242dd2070 Thread exited: 0x0000022242dd2070
Event: 0.376 Thread 0x0000022242c84d50 Thread added: 0x0000022242c874b0
Event: 0.563 Thread 0x0000022242c84d50 Thread added: 0x0000022242c853e0
Event: 3.012 Thread 0x0000022242b3de30 Thread added: 0x0000022289b019a0
Event: 3.555 Thread 0x0000022289b019a0 Thread exited: 0x0000022289b019a0
Event: 5.438 Thread 0x0000022242c874b0 Thread exited: 0x0000022242c874b0
Event: 8.796 Thread 0x0000022242b3de30 Thread added: 0x000002228a3850a0
Event: 8.899 Thread 0x0000022242c84d50 Thread added: 0x000002228a6cc4b0
Event: 9.673 Thread 0x000002228a3850a0 Thread exited: 0x000002228a3850a0
Event: 12.751 Thread 0x0000022242c84d50 Thread added: 0x000002228a6cb100
Event: 12.822 Thread 0x0000022242b3de30 Thread added: 0x000002228a51acf0
Event: 13.048 Thread 0x000002228a51acf0 Thread exited: 0x000002228a51acf0
Event: 13.918 Thread 0x000002228a6cc4b0 Thread exited: 0x000002228a6cc4b0
Event: 17.613 Thread 0x0000022242b3de30 Thread added: 0x000002228ab6f5c0
Event: 18.117 Thread 0x000002228ab6f5c0 Thread exited: 0x000002228ab6f5c0
Event: 33.660 Thread 0x0000022242b39340 Thread added: 0x0000022242e90490
Event: 33.858 Thread 0x0000022242e90490 Thread exited: 0x0000022242e90490
Event: 59.470 Thread 0x0000022242b39340 Thread added: 0x000002228973b940
Event: 59.668 Thread 0x000002228973b940 Thread exited: 0x000002228973b940


Dynamic libraries:
0x00007ff795480000 - 0x00007ff795490000 	C:\Program Files\Java\jdk-23\bin\java.exe
0x00007ffa9f0f0000 - 0x00007ffa9f2e8000 	C:\WINDOWS\SYSTEM32\ntdll.dll
0x00007ffa9e890000 - 0x00007ffa9e952000 	C:\WINDOWS\System32\KERNEL32.DLL
0x00007ffa9c9f0000 - 0x00007ffa9ccee000 	C:\WINDOWS\System32\KERNELBASE.dll
0x00007ffa9c8f0000 - 0x00007ffa9c9f0000 	C:\WINDOWS\System32\ucrtbase.dll
0x00007ffa83b40000 - 0x00007ffa83b5b000 	C:\Program Files\Java\jdk-23\bin\VCRUNTIME140.dll
0x00007ffa851a0000 - 0x00007ffa851b7000 	C:\Program Files\Java\jdk-23\bin\jli.dll
0x00007ffa9ef10000 - 0x00007ffa9f0ad000 	C:\WINDOWS\System32\USER32.dll
0x00007ffa7f680000 - 0x00007ffa7f91a000 	C:\WINDOWS\WinSxS\amd64_microsoft.windows.common-controls_6595b64144ccf1df_6.0.19041.4355_none_60b8b9eb71f62e16\COMCTL32.dll
0x00007ffa9cfb0000 - 0x00007ffa9cfd2000 	C:\WINDOWS\System32\win32u.dll
0x00007ffa9e6e0000 - 0x00007ffa9e70b000 	C:\WINDOWS\System32\GDI32.dll
0x00007ffa9da90000 - 0x00007ffa9db2e000 	C:\WINDOWS\System32\msvcrt.dll
0x00007ffa9ce90000 - 0x00007ffa9cfa7000 	C:\WINDOWS\System32\gdi32full.dll
0x00007ffa9cdf0000 - 0x00007ffa9ce8d000 	C:\WINDOWS\System32\msvcp_win.dll
0x00007ffa9e850000 - 0x00007ffa9e87f000 	C:\WINDOWS\System32\IMM32.DLL
0x00007ffa84560000 - 0x00007ffa8456c000 	C:\Program Files\Java\jdk-23\bin\vcruntime140_1.dll
0x00007ffa73210000 - 0x00007ffa7329e000 	C:\Program Files\Java\jdk-23\bin\msvcp140.dll
0x00007ffa07c70000 - 0x00007ffa089bf000 	C:\Program Files\Java\jdk-23\bin\server\jvm.dll
0x00007ffa9dda0000 - 0x00007ffa9de52000 	C:\WINDOWS\System32\ADVAPI32.dll
0x00007ffa9e7b0000 - 0x00007ffa9e850000 	C:\WINDOWS\System32\sechost.dll
0x00007ffa9db30000 - 0x00007ffa9dc53000 	C:\WINDOWS\System32\RPCRT4.dll
0x00007ffa9d0e0000 - 0x00007ffa9d107000 	C:\WINDOWS\System32\bcrypt.dll
0x00007ffa9de60000 - 0x00007ffa9decb000 	C:\WINDOWS\System32\WS2_32.dll
0x00007ffa7df70000 - 0x00007ffa7df97000 	C:\WINDOWS\SYSTEM32\WINMM.dll
0x00007ffa92cc0000 - 0x00007ffa92cca000 	C:\WINDOWS\SYSTEM32\VERSION.dll
0x00007ffa9bcd0000 - 0x00007ffa9bd1b000 	C:\WINDOWS\SYSTEM32\POWRPROF.dll
0x00007ffa9bb90000 - 0x00007ffa9bba2000 	C:\WINDOWS\SYSTEM32\UMPDC.dll
0x00007ffa9a450000 - 0x00007ffa9a462000 	C:\WINDOWS\SYSTEM32\kernel.appcore.dll
0x00007ffa844e0000 - 0x00007ffa844ea000 	C:\Program Files\Java\jdk-23\bin\jimage.dll
0x00007ffa85210000 - 0x00007ffa853f4000 	C:\WINDOWS\SYSTEM32\DBGHELP.DLL
0x00007ffa87c80000 - 0x00007ffa87cb4000 	C:\WINDOWS\SYSTEM32\dbgcore.DLL
0x00007ffa9cd60000 - 0x00007ffa9cde2000 	C:\WINDOWS\System32\bcryptPrimitives.dll
0x00007ffa835b0000 - 0x00007ffa835ce000 	C:\Program Files\Java\jdk-23\bin\java.dll
0x00007ffa9d960000 - 0x00007ffa9da8b000 	C:\WINDOWS\System32\ole32.dll
0x00007ffa9ea30000 - 0x00007ffa9ed83000 	C:\WINDOWS\System32\combase.dll
0x00007ffa9d170000 - 0x00007ffa9d8df000 	C:\WINDOWS\System32\SHELL32.dll
0x00007ffa9a650000 - 0x00007ffa9adf4000 	C:\WINDOWS\SYSTEM32\windows.storage.dll
0x00007ffa9c1c0000 - 0x00007ffa9c1ee000 	C:\WINDOWS\SYSTEM32\Wldp.dll
0x00007ffa9e610000 - 0x00007ffa9e6dd000 	C:\WINDOWS\System32\OLEAUT32.dll
0x00007ffa9e980000 - 0x00007ffa9ea2d000 	C:\WINDOWS\System32\SHCORE.dll
0x00007ffa9e080000 - 0x00007ffa9e0d5000 	C:\WINDOWS\System32\shlwapi.dll
0x00007ffa9c6c0000 - 0x00007ffa9c6e4000 	C:\WINDOWS\SYSTEM32\profapi.dll
0x00007ffa55790000 - 0x00007ffa55867000 	C:\Program Files\Java\jdk-23\bin\jsvml.dll
0x00007ffa83fb0000 - 0x00007ffa83fc0000 	C:\Program Files\Java\jdk-23\bin\net.dll
0x00007ffa9bf20000 - 0x00007ffa9bf8a000 	C:\WINDOWS\system32\mswsock.dll
0x00007ffa81a70000 - 0x00007ffa81a86000 	C:\Program Files\Java\jdk-23\bin\nio.dll
0x00007ffa78de0000 - 0x00007ffa78df7000 	C:\Program Files\Java\jdk-23\bin\zip.dll
0x00007ffa52150000 - 0x00007ffa522de000 	C:\Program Files\Java\jdk-23\bin\awt.dll
0x00007ffa99610000 - 0x00007ffa996a4000 	C:\WINDOWS\SYSTEM32\apphelp.dll
0x00007ffa99f60000 - 0x00007ffa99ffe000 	C:\WINDOWS\system32\uxtheme.dll
0x00007ffa9edf0000 - 0x00007ffa9ef05000 	C:\WINDOWS\System32\MSCTF.dll
0x00007ffa9a270000 - 0x00007ffa9a29f000 	C:\WINDOWS\system32\DWMAPI.DLL
0x00007ffa68d10000 - 0x00007ffa68d97000 	C:\Program Files\Java\jdk-23\bin\freetype.dll
0x00007ffa34f10000 - 0x00007ffa34fe7000 	C:\Program Files\Java\jdk-23\bin\fontmanager.dll
0x00007ffa52880000 - 0x00007ffa529a8000 	C:\WINDOWS\system32\opengl32.dll
0x00007ffa85be0000 - 0x00007ffa85c0c000 	C:\WINDOWS\SYSTEM32\GLU32.dll
0x00007ffa96f70000 - 0x00007ffa96fab000 	C:\WINDOWS\SYSTEM32\dxcore.dll
0x00007ffa9cfe0000 - 0x00007ffa9d02e000 	C:\WINDOWS\System32\cfgmgr32.dll
0x00007ffa9e0e0000 - 0x00007ffa9e189000 	C:\WINDOWS\System32\clbcatq.dll
0x00007ffa99d20000 - 0x00007ffa99ed6000 	C:\WINDOWS\SYSTEM32\WindowsCodecs.dll
0x00007ffa7d280000 - 0x00007ffa7d2be000 	C:\WINDOWS\system32\dataexchange.dll
0x00007ffa98ca0000 - 0x00007ffa98e84000 	C:\WINDOWS\system32\dcomp.dll
0x00007ffa986d0000 - 0x00007ffa98933000 	C:\WINDOWS\system32\d3d11.dll
0x00007ffa9aef0000 - 0x00007ffa9afe6000 	C:\WINDOWS\system32\dxgi.dll
0x00007ffa95ac0000 - 0x00007ffa95cc3000 	C:\WINDOWS\system32\twinapi.appcore.dll
0x00007ffa8ccc0000 - 0x00007ffa8cdb9000 	C:\WINDOWS\SYSTEM32\textinputframework.dll
0x00007ffa98e90000 - 0x00007ffa98f82000 	C:\WINDOWS\System32\CoreMessaging.dll
0x00007ffa98940000 - 0x00007ffa98c9b000 	C:\WINDOWS\System32\CoreUIComponents.dll
0x00007ffa9ba20000 - 0x00007ffa9ba53000 	C:\WINDOWS\SYSTEM32\ntmarta.dll
0x00007ffa97b50000 - 0x00007ffa97ca7000 	C:\WINDOWS\SYSTEM32\wintypes.dll
0x00007ffa83f80000 - 0x00007ffa83f90000 	C:\Program Files\Java\jdk-23\bin\verify.dll
0x00007ffa83f50000 - 0x00007ffa83f59000 	C:\Program Files\Java\jdk-23\bin\extnet.dll
0x00007ffa9c110000 - 0x00007ffa9c128000 	C:\WINDOWS\SYSTEM32\CRYPTSP.dll
0x00007ffa9b7d0000 - 0x00007ffa9b804000 	C:\WINDOWS\system32\rsaenh.dll
0x00007ffa9c680000 - 0x00007ffa9c6ae000 	C:\WINDOWS\SYSTEM32\USERENV.dll
0x00007ffa9c130000 - 0x00007ffa9c13c000 	C:\WINDOWS\SYSTEM32\CRYPTBASE.dll
0x00007ffa9bbb0000 - 0x00007ffa9bbeb000 	C:\WINDOWS\SYSTEM32\IPHLPAPI.DLL
0x00007ffa9e880000 - 0x00007ffa9e888000 	C:\WINDOWS\System32\NSI.dll
0x00007ffa82ee0000 - 0x00007ffa82eee000 	C:\Program Files\Java\jdk-23\bin\sunmscapi.dll
0x00007ffa9c790000 - 0x00007ffa9c8ec000 	C:\WINDOWS\System32\CRYPT32.dll
0x00007ffa9c230000 - 0x00007ffa9c257000 	C:\WINDOWS\SYSTEM32\ncrypt.dll
0x00007ffa9c1f0000 - 0x00007ffa9c22b000 	C:\WINDOWS\SYSTEM32\NTASN1.dll

dbghelp: loaded successfully - version: 4.0.5 - missing functions: none
symbol engine: initialized successfully - sym options: 0x614 - pdb path: .;C:\Program Files\Java\jdk-23\bin;C:\WINDOWS\SYSTEM32;C:\WINDOWS\WinSxS\amd64_microsoft.windows.common-controls_6595b64144ccf1df_6.0.19041.4355_none_60b8b9eb71f62e16;C:\Program Files\Java\jdk-23\bin\server

VM Arguments:
jvm_args: -Dfile.encoding=UTF-8 
java_command: Formularios.Inicio
java_class_path (initial): C:\Users\IT\Documents\NetBeansProjects\AdministradorRey\lib\absolutelayout\AbsoluteLayout.jar;C:\Users\IT\Documents\NetBeansProjects\AdministradorRey\lib\jcalendar-1.3.3.jar;C:\Users\IT\Documents\NetBeansProjects\AdministradorRey\lib\mysql-connector-java-8.0.17.jar;C:\Users\IT\Documents\NetBeansProjects\AdministradorRey\lib\commons-beanutils-1.8.0.jar;C:\Users\IT\Documents\NetBeansProjects\AdministradorRey\lib\commons-digester-2.1.jar;C:\Users\IT\Documents\NetBeansProjects\AdministradorRey\lib\commons-javaflow-20060411.jar;C:\Users\IT\Documents\NetBeansProjects\AdministradorRey\lib\commons-logging-1.1.1.jar;C:\Users\IT\Documents\NetBeansProjects\AdministradorRey\lib\groovy-all-2.0.1.jar;C:\Users\IT\Documents\NetBeansProjects\AdministradorRey\lib\iText-2.1.7.js2.jar;C:\Users\IT\Documents\NetBeansProjects\AdministradorRey\lib\log4j-1.2.15.jar;C:\Users\IT\Documents\NetBeansProjects\AdministradorRey\lib\png-encoder-1.5.jar;C:\Users\IT\Documents\NetBeansProjects\AdministradorRey\lib\xalan-2.7.1.jar;C:\Users\IT\Documents\NetBeansProjects\AdministradorRey\lib\jasperreports-6.17.0.jar;C:\Users\IT\Documents\NetBeansProjects\AdministradorRey\lib\commons-collections4-4.1.jar;C:\Users\IT\Documents\NetBeansProjects\AdministradorRey\build\classes
Launcher Type: SUN_STANDARD

[Global flags]
     intx CICompilerCount                          = 3                                         {product} {ergonomic}
     uint ConcGCThreads                            = 1                                         {product} {ergonomic}
     uint G1ConcRefinementThreads                  = 4                                         {product} {ergonomic}
   size_t G1HeapRegionSize                         = 2097152                                   {product} {ergonomic}
   size_t InitialHeapSize                          = 197132288                                 {product} {ergonomic}
   size_t MarkStackSize                            = 4194304                                   {product} {ergonomic}
   size_t MarkStackSizeMax                         = 536870912                                 {product} {ergonomic}
   size_t MaxHeapSize                              = 3133145088                                {product} {ergonomic}
   size_t MaxNewSize                               = 1879048192                                {product} {ergonomic}
   size_t MinHeapDeltaBytes                        = 2097152                                   {product} {ergonomic}
   size_t MinHeapSize                              = 8388608                                   {product} {ergonomic}
    uintx NonNMethodCodeHeapSize                   = 5832704                                {pd product} {ergonomic}
    uintx NonProfiledCodeHeapSize                  = 122945536                              {pd product} {ergonomic}
    uintx ProfiledCodeHeapSize                     = 122880000                              {pd product} {ergonomic}
    uintx ReservedCodeCacheSize                    = 251658240                              {pd product} {ergonomic}
     bool SegmentedCodeCache                       = true                                      {product} {ergonomic}
   size_t SoftMaxHeapSize                          = 3133145088                             {manageable} {ergonomic}
     bool UseCompressedOops                        = true                           {product lp64_product} {ergonomic}
     bool UseG1GC                                  = true                                      {product} {ergonomic}
     bool UseLargePagesIndividualAllocation        = false                                  {pd product} {ergonomic}

Logging:
Log output configuration:
 #0: stdout all=warning uptime,level,tags foldmultilines=false
 #1: stderr all=off uptime,level,tags foldmultilines=false

Environment Variables:
PATH=C:\Program Files\Common Files\Oracle\Java\javapath;C:\ProgramData\Oracle\Java\javapath;C:\WINDOWS\system32;C:\WINDOWS;C:\WINDOWS\System32\Wbem;C:\WINDOWS\System32\WindowsPowerShell\v1.0\;C:\WINDOWS\System32\OpenSSH\;C:\Program Files (x86)\ZeroTier\One\;C:\Users\IT\AppData\Local\Microsoft\WindowsApps;
USERNAME=it
OS=Windows_NT
PROCESSOR_IDENTIFIER=Intel64 Family 6 Model 60 Stepping 3, GenuineIntel
TMP=C:\Users\IT\AppData\Local\Temp
TEMP=C:\Users\IT\AppData\Local\Temp




Periodic native trim disabled

---------------  S Y S T E M  ---------------

OS:
 Windows 10 , 64 bit Build 19041 (10.0.19041.4957)
OS uptime: 9 days 17:19 hours

CPU: total 4 (initial active 4) (4 cores per cpu, 1 threads per core) family 6 model 60 stepping 3 microcode 0x27, cx8, cmov, fxsr, mmx, sse, sse2, sse3, ssse3, sse4.1, sse4.2, popcnt, lzcnt, tsc, tscinvbit, avx, avx2, aes, erms, clmul, bmi1, bmi2, fma, vzeroupper, clflush, rdtscp, f16c
Processor Information for the first 4 processors :
  Max Mhz: 3001, Current Mhz: 3001, Mhz Limit: 3001

Memory: 4k page, system-wide physical 11947M (3799M free)
TotalPageFile size 13739M (AvailPageFile size 1815M)
current process WorkingSet (physical memory assigned to process): 161M, peak: 181M
current process commit charge ("private bytes"): 185M, peak: 303M

vm_info: Java HotSpot(TM) 64-Bit Server VM (23.0.1+11-39) for windows-amd64 JRE (23.0.1+11-39), built on 2024-09-30T07:20:43Z with MS VC++ 17.6 (VS2022)

END.
